-0.000  0.000 -0.000   0.000  0.132 -0.996   0.434 -0.078  0.821   0.094 -0.015 -0.031
-0.177  0.004 -0.182  -0.004  0.128 -0.996   0.434 -0.078  0.821   0.100  0.003 -0.033
-0.341  0.032 -0.324   0.000  0.120 -0.992   0.434 -0.078  0.821   0.091  0.019 -0.033
-0.500  0.076 -0.454   0.000  0.112 -0.992   0.432 -0.072  0.840   0.074  0.032 -0.022
-0.679  0.102 -0.641  -0.004  0.124 -0.988   0.432 -0.072  0.840   0.075  0.023 -0.025
-0.804  0.127 -0.780   0.000  0.112 -0.992   0.432 -0.072  0.840   0.092  0.019 -0.040
-0.970  0.141 -0.990  -0.004  0.128 -1.000   0.432 -0.072  0.840   0.081  0.013 -0.047
-1.173  0.177 -1.246  -0.004  0.136 -1.000   0.419 -0.069  0.818   0.058  0.027 -0.060
-1.376  0.230 -1.501  -0.004  0.132 -0.988   0.419 -0.069  0.818   0.054  0.042 -0.067
-1.540  0.344 -1.713   0.008  0.128 -0.992   0.419 -0.069  0.818   0.069  0.073 -0.062
-1.710  0.420 -1.950  -0.008  0.128 -0.980   0.429 -0.064  0.814   0.054  0.078 -0.067
-1.873  0.488 -2.161  -0.004  0.124 -0.980   0.429 -0.064  0.814   0.047  0.065 -0.069
-2.051  0.539 -2.389  -0.004  0.128 -0.984   0.429 -0.064  0.814   0.036  0.052 -0.079
-2.242  0.599 -2.631   0.004  0.132 -0.972   0.429 -0.066  0.844   0.027  0.041 -0.077
-2.443  0.657 -2.883   0.004  0.136 -0.972   0.429 -0.066  0.844   0.020  0.038 -0.079
-2.643  0.712 -3.110   0.004  0.132 -0.968   0.429 -0.066  0.844   0.006  0.038 -0.080
-2.824  0.736 -3.347  -0.008  0.132 -0.972   0.429 -0.066  0.844   0.017  0.037 -0.090
-3.022  0.791 -3.663  -0.008  0.128 -0.968   0.413 -0.046  0.821  -0.013  0.057 -0.093
-3.210  0.858 -3.978  -0.008  0.128 -0.980   0.413 -0.046  0.821  -0.016  0.069 -0.108
-3.349  0.898 -4.249  -0.012  0.116 -0.976   0.413 -0.046  0.821   0.005  0.062 -0.112
-3.491  0.962 -4.492  -0.008  0.120 -0.980   0.424 -0.049  0.825  -0.003  0.076 -0.116
-3.702  1.055 -4.780  -0.004  0.132 -0.980   0.424 -0.049  0.825  -0.038  0.081 -0.108
-3.913  1.133 -5.060   0.000  0.132 -0.968   0.424 -0.049  0.825  -0.042  0.063 -0.108
-4.079  1.178 -5.284  -0.004  0.132 -0.964   0.413 -0.064  0.844  -0.016  0.054 -0.124
-4.245  1.215 -5.527  -0.004  0.140 -0.972   0.413 -0.064  0.844  -0.007  0.045 -0.121
-4.412  1.258 -5.717   0.008  0.132 -0.972   0.413 -0.064  0.844  -0.031  0.030 -0.124
-4.637  1.307 -5.982   0.008  0.140 -0.824   0.398 -0.072  0.818  -0.022  0.016 -0.117
-4.815  1.305 -6.168   0.000  0.136 -0.904   0.398 -0.072  0.818  -0.014  0.007 -0.116
-4.980  1.290 -6.267   0.000  0.128 -0.948   0.398 -0.072  0.818  -0.039  0.003 -0.111
-5.137  1.263 -6.346  -0.012  0.128 -0.964   0.398 -0.072  0.818  -0.047  0.015 -0.104
-5.244  1.236 -6.388  -0.012  0.124 -0.972   0.413 -0.075  0.827  -0.019  0.023 -0.108
-5.324  1.217 -6.397  -0.008  0.116 -0.976   0.413 -0.075  0.827  -0.018  0.026 -0.117
-5.453  1.210 -6.476  -0.012  0.132 -0.980   0.413 -0.075  0.827  -0.033  0.032 -0.114
-5.578  1.217 -6.579  -0.008  0.132 -0.984   0.408 -0.072  0.836  -0.036  0.034 -0.121
-5.688  1.224 -6.675  -0.012  0.132 -0.980   0.408 -0.072  0.836  -0.027  0.042 -0.112
-5.788  1.239 -6.759  -0.016  0.132 -0.972   0.408 -0.072  0.836  -0.021  0.058 -0.099
-5.913  1.280 -6.760  -0.008  0.136 -0.968   0.401 -0.084  0.816  -0.039  0.068 -0.083
-6.051  1.317 -6.806  -0.004  0.148 -0.984   0.401 -0.084  0.816  -0.035  0.052 -0.085
-6.152  1.486 -6.808   0.060  0.148 -0.984   0.401 -0.084  0.816  -0.019  0.046 -0.086
-6.251  1.500 -6.814   0.000  0.140 -0.976   0.401 -0.084  0.816  -0.021  0.037 -0.082
-6.361  1.510 -6.821   0.000  0.140 -0.996   0.403 -0.081  0.833  -0.040  0.031 -0.071
-6.460  1.525 -6.829   0.000  0.140 -0.992   0.403 -0.081  0.833  -0.033  0.036 -0.068
-6.505  1.532 -6.786   0.004  0.132 -0.992   0.403 -0.081  0.833  -0.005  0.031 -0.058
-6.528  1.529 -6.702   0.004  0.128 -0.992   0.408 -0.087  0.850   0.006  0.029 -0.055
-6.538  1.504 -6.601   0.000  0.124 -0.984   0.408 -0.087  0.850   0.012  0.020 -0.047
-6.536  1.458 -6.507  -0.004  0.124 -0.984   0.408 -0.087  0.850   0.025  0.010 -0.049
-6.516  1.428 -6.447   0.004  0.128 -0.972   0.398 -0.081  0.821   0.050  0.004 -0.041
-6.475  1.397 -6.384   0.004  0.128 -0.972   0.398 -0.081  0.821   0.070  0.004 -0.036
-6.434  1.359 -6.320   0.000  0.128 -0.984   0.398 -0.081  0.821   0.069  0.005 -0.038
-6.396  1.310 -6.226  -0.004  0.124 -0.984   0.398 -0.081  0.821   0.060  0.004 -0.024
-6.314  1.300 -6.134   0.012  0.112 -1.004   0.416 -0.069  0.835   0.069  0.009 -0.028
-6.251  1.293 -6.081   0.012  0.120 -0.992   0.416 -0.069  0.835   0.072  0.005 -0.023
-6.196  1.286 -6.044   0.012  0.124 -0.984   0.416 -0.069  0.835   0.078  0.002 -0.017
-6.152  1.238 -5.983   0.004  0.128 -0.980   0.406 -0.084  0.844   0.081 -0.012 -0.033
-6.116  1.188 -5.927   0.000  0.132 -0.972   0.406 -0.084  0.844   0.086 -0.010 -0.012
-6.087  1.161 -5.917   0.000  0.140 -0.976   0.406 -0.084  0.844   0.097  0.002 -0.017
-6.043  1.144 -5.979   0.004  0.136 -0.992   0.411 -0.058  0.818   0.096 -0.007 -0.005
-6.022  1.132 -6.032   0.004  0.136 -1.000   0.411 -0.058  0.818   0.076 -0.004 -0.002
-5.988  1.123 -6.067   0.004  0.132 -0.984   0.411 -0.058  0.818   0.083  0.001  0.004
-5.961  1.103 -6.100  -0.004  0.128 -0.972   0.411 -0.058  0.818   0.075  0.007  0.002
-5.941  1.091 -6.180  -0.004  0.128 -0.976   0.426 -0.049  0.836   0.069  0.008 -0.001
-5.918  1.086 -6.236  -0.004  0.124 -0.976   0.426 -0.049  0.836   0.063  0.015  0.002
-5.943  1.103 -6.329   0.000  0.136 -0.992   0.426 -0.049  0.836   0.039  0.018  0.002
-5.947  1.132 -6.308   0.004  0.124 -0.992   0.416 -0.061  0.829   0.032  0.035 -0.002
-5.987  1.178 -6.304   0.000  0.128 -0.996   0.416 -0.061  0.829   0.008  0.051 -0.001
-6.024  1.223 -6.316   0.000  0.132 -0.996   0.416 -0.061  0.829   0.015  0.052  0.002
-6.081  1.262 -6.343   0.000  0.136 -0.976   0.406 -0.064  0.820   0.010  0.045 -0.001
-6.138  1.289 -6.369  -0.008  0.136 -0.984   0.406 -0.064  0.820   0.006  0.052  0.002
-6.184  1.292 -6.393  -0.008  0.132 -0.968   0.406 -0.064  0.820   0.014  0.034 -0.006
-6.232  1.296 -6.423  -0.008  0.136 -0.972   0.406 -0.064  0.820   0.016  0.032  0.003
-6.270  1.283 -6.432  -0.004  0.128 -0.980   0.426 -0.061  0.836   0.006  0.013 -0.006
-6.316  1.267 -6.446   0.000  0.132 -0.984   0.426 -0.061  0.836   0.006  0.001 -0.001
-6.384  1.230 -6.513  -0.008  0.144 -0.988   0.426 -0.061  0.836   0.010 -0.012  0.003
-6.443  1.176 -6.527  -0.008  0.132 -0.992   0.411 -0.061  0.833  -0.006 -0.019  0.005
-6.541  1.135 -6.596  -0.012  0.140 -0.996   0.411 -0.061  0.833  -0.025 -0.010 -0.009
-6.599  1.124 -6.628   0.000  0.136 -1.000   0.411 -0.061  0.833  -0.008 -0.004 -0.007
-6.654  1.117 -6.654   0.000  0.140 -1.000   0.419 -0.064  0.816   0.000  0.001 -0.017
-6.706  1.107 -6.650  -0.008  0.128 -0.996   0.419 -0.064  0.816  -0.022  0.019 -0.031
-6.765  1.111 -6.655  -0.008  0.128 -0.996   0.419 -0.064  0.816  -0.033  0.029 -0.039
-6.831  1.139 -6.677  -0.004  0.136 -0.992   0.429 -0.069  0.842  -0.027  0.040 -0.039
-6.894  1.154 -6.674  -0.012  0.132 -0.992   0.429 -0.069  0.842  -0.033  0.046 -0.029
-6.964  1.166 -6.662  -0.008  0.128 -0.980   0.429 -0.069  0.842  -0.046  0.037 -0.033
-7.022  1.164 -6.632  -0.008  0.124 -0.988   0.429 -0.069  0.842  -0.046  0.029 -0.036
-7.085  1.153 -6.612  -0.016  0.136 -0.988   0.421 -0.078  0.829  -0.029  0.035 -0.038
-7.137  1.144 -6.611  -0.016  0.140 -0.992   0.421 -0.078  0.829  -0.014  0.036 -0.039
-7.193  1.167 -6.553  -0.008  0.128 -0.984   0.421 -0.078  0.829  -0.044  0.053 -0.038
-7.220  1.200 -6.485  -0.004  0.124 -0.988   0.424 -0.075  0.818  -0.031  0.058 -0.041
-7.239  1.242 -6.433   0.000  0.128 -0.980   0.424 -0.075  0.818  -0.016  0.058 -0.034
-7.253  1.271 -6.363   0.004  0.124 -0.980   0.424 -0.075  0.818  -0.018  0.042 -0.035
-7.325  1.300 -6.352   0.004  0.140 -0.980   0.434 -0.084  0.846  -0.038  0.034 -0.049
-7.364  1.318 -6.329   0.000  0.136 -0.976   0.434 -0.084  0.846  -0.018  0.038 -0.049
-7.390  1.316 -6.308  -0.008  0.136 -0.988   0.434 -0.084  0.846  -0.010  0.038 -0.051
-7.436  1.321 -6.307  -0.012  0.136 -0.980   0.434 -0.084  0.846  -0.025  0.049 -0.062
-7.478  1.353 -6.266  -0.008  0.140 -0.976   0.413 -0.095  0.831  -0.018  0.071 -0.068
-7.441  1.381 -6.201  -0.004  0.136 -0.972   0.413 -0.095  0.831   0.043  0.070 -0.060
-7.372  1.411 -6.095   0.004  0.124 -0.976   0.413 -0.095  0.831   0.048  0.067 -0.075
-7.353  1.410 -6.124  -0.016  0.132 -0.988   0.416 -0.078  0.820   0.020  0.062 -0.079
-7.338  1.407 -6.168  -0.012  0.136 -0.988   0.416 -0.078  0.820   0.026  0.051 -0.079
-7.279  1.365 -6.195  -0.020  0.132 -0.984   0.416 -0.078  0.820   0.059  0.040 -0.074
-7.275  1.339 -6.259  -0.020  0.140 -0.972   0.424 -0.081  0.848   0.034  0.040 -0.068
-7.275  1.328 -6.315  -0.012  0.136 -0.964   0.424 -0.081  0.848   0.023  0.038 -0.080
-7.239  1.302 -6.417  -0.016  0.144 -0.968   0.424 -0.081  0.848   0.071  0.032 -0.089
-7.143  1.249 -6.471  -0.016  0.136 -0.980   0.424 -0.081  0.848   0.108  0.019 -0.089
-7.058  1.202 -6.533  -0.008  0.136 -0.980   0.403 -0.081  0.835   0.102  0.005 -0.104
-6.964  1.158 -6.576  -0.004  0.136 -0.984   0.403 -0.081  0.835   0.111  0.001 -0.094
-6.884  1.114 -6.625  -0.008  0.140 -0.996   0.403 -0.081  0.835   0.107  0.004 -0.089
-6.858  1.085 -6.731  -0.008  0.140 -0.988   0.419 -0.066  0.820   0.064  0.004 -0.085
-6.847  1.066 -6.794  -0.008  0.132 -0.980   0.419 -0.066  0.820   0.037  0.013 -0.079
-6.826  1.037 -6.858  -0.008  0.132 -0.984   0.419 -0.066  0.820   0.047  0.005 -0.084
-6.749  0.985 -6.926  -0.012  0.120 -0.992   0.419 -0.058  0.842   0.071 -0.002 -0.083
-6.666  0.939 -7.035  -0.008  0.132 -1.020   0.419 -0.058  0.842   0.097 -0.010 -0.090
-6.494  0.876 -7.184  -0.004  0.148 -1.068   0.419 -0.058  0.842   0.196 -0.029 -0.095
-6.237  0.779 -7.335   0.000  0.172 -1.192   0.419 -0.058  0.842   0.291 -0.059 -0.083
-5.922  0.588 -7.324   0.004  0.180 -1.444   0.419 -0.064  0.833   0.323 -0.129 -0.056
-5.971  0.298 -7.146   0.032  0.144 -1.792   0.419 -0.064  0.833  -0.056 -0.276 -0.088
-6.657 -0.269 -7.027   0.040  0.172 -1.812   0.419 -0.064  0.833  -0.551 -0.607 -0.080
-7.413 -1.099 -7.086   0.008  0.280 -1.888   0.465 -0.069  0.812  -0.501 -0.841 -0.077
-7.306 -1.826 -6.962  -0.072  0.276 -1.832   0.465 -0.069  0.812   0.217 -0.610  0.107
-6.905 -2.060 -6.538  -0.108  0.216 -1.800   0.465 -0.069  0.812   0.359 -0.125  0.263
-6.805 -1.868 -5.923  -0.080  0.160 -1.704   0.499 -0.069  0.838   0.016  0.190  0.357
-6.834 -1.613 -5.353  -0.056  0.184 -1.596   0.499 -0.069  0.838  -0.051  0.209  0.415
-6.624 -1.469 -4.827  -0.032  0.172 -1.456   0.499 -0.069  0.838   0.173  0.114  0.394
-6.334 -1.432 -4.487  -0.040  0.152 -1.336   0.499 -0.069  0.838   0.248  0.048  0.237
-6.115 -1.426 -4.255  -0.032  0.136 -1.224   0.475 -0.087  0.831   0.191  0.019  0.071
-5.793 -1.498 -4.211  -0.020  0.148 -1.100   0.475 -0.087  0.831   0.342 -0.067 -0.007
-5.182 -1.748 -4.321  -0.024  0.132 -0.968   0.475 -0.087  0.831   0.620 -0.192 -0.138
-4.521 -2.041 -4.407  -0.032  0.068 -0.832   0.517 -0.052  0.833   0.579 -0.202 -0.173
-4.475 -2.114 -4.430  -0.040  0.036 -0.680   0.517 -0.052  0.833  -0.013 -0.012 -0.199
-4.941 -1.987 -4.826  -0.048  0.064 -0.504   0.517 -0.052  0.833  -0.286  0.167 -0.211
-5.376 -1.599 -5.972  -0.036  0.092 -0.296   0.509 -0.052  0.859   0.065  0.299 -0.234
-5.382 -1.180 -7.529  -0.028  0.076 -0.160   0.509 -0.052  0.859   0.682  0.277 -0.238
-5.511 -0.445 -9.093  -0.004  0.064 -0.076   0.509 -0.052  0.859   0.848  0.165 -0.244
-5.625  0.511 -10.300   0.008  0.056 -0.032   0.509 -0.052  0.859   1.130 -0.045 -0.152
-5.587  1.482 -11.273   0.012  0.048 -0.016   0.486  0.014  0.846   1.326 -0.205 -0.102
-5.323  2.321 -12.071   0.020  0.048 -0.012   0.486  0.014  0.846   1.508 -0.436 -0.129
-5.168  2.846 -12.667   0.016  0.036  0.008   0.486  0.014  0.846   1.578 -0.722 -0.204
-5.225  2.981 -13.446   0.008  0.032  0.004   0.545  0.159  0.829   1.586 -0.895 -0.224
-5.533  2.170 -14.617  -0.008  0.016  0.004   0.545  0.159  0.829   1.556 -1.015 -0.235
-5.981  1.545 -15.743  -0.008  0.016  0.004   0.545  0.159  0.829   1.427 -0.886 -0.217
-5.866  0.596 -16.942  -0.036  0.000 -0.008   0.612  0.289  0.799   1.013 -0.560 -0.160
-4.556  0.043 -15.298  -0.056 -0.088 -0.088   0.612  0.289  0.799   0.037 -0.258 -0.134
-6.194  1.255 -13.631  -0.136 -0.308 -0.268   0.612  0.289  0.799  -2.931  0.429 -0.078
-9.431  2.655 -13.244  -0.132 -0.128 -0.428   0.612  0.289  0.799  -3.820  1.057 -0.001
-12.357  4.655 -13.433  -0.136  0.024 -0.520   0.548  0.084  0.814  -2.960  1.545 -0.020
-14.875  6.751 -14.074  -0.160  0.060 -0.620   0.548  0.084  0.814  -2.769  1.728 -0.289
-17.502  8.793 -14.372  -0.128  0.064 -0.740   0.548  0.084  0.814  -3.010  1.558 -0.305
-19.266 10.035 -14.069  -0.044  0.176 -0.852   0.434 -0.145  0.852  -1.992  1.008 -0.321
-19.193 10.521 -14.891   0.020  0.324 -0.988   0.434 -0.145  0.852  -0.149  0.549 -0.690
-17.527 10.617 -15.745   0.036  0.424 -1.108   0.434 -0.145  0.852   1.338  0.521 -0.355
-14.895 10.669 -16.556  -0.044  0.320 -1.256   0.367 -0.084  0.857   1.962  0.874 -0.118
-13.042 10.826 -16.373   0.004  0.156 -1.392   0.367 -0.084  0.857   1.141  0.883 -0.067
-11.700 10.743 -15.718   0.084  0.136 -1.480   0.367 -0.084  0.857   0.830  0.473  0.169
-10.528 10.365 -14.785   0.128  0.144 -1.524   0.367 -0.084  0.857   0.819  0.124  0.407
-10.050  9.803 -14.118   0.104  0.068 -1.588   0.320  0.006  0.833   0.193 -0.210  0.322
-10.560  9.099 -13.224   0.120  0.032 -1.604   0.320  0.006  0.833  -0.620 -0.561  0.296
-11.559  7.902 -12.477   0.128  0.076 -1.628   0.320  0.006  0.833  -0.920 -1.112  0.252
-12.639  6.288 -11.850   0.080  0.136 -1.664   0.393 -0.055  0.838  -0.877 -1.431  0.032
-13.527  4.713 -11.483  -0.024  0.180 -1.712   0.393 -0.055  0.838  -0.736 -1.310 -0.002
-14.191  3.640 -11.491  -0.092  0.220 -1.748   0.393 -0.055  0.838  -0.625 -0.842 -0.157
-14.394  2.875 -11.434  -0.108  0.304 -1.776   0.475 -0.110  0.833  -0.217 -0.494 -0.191
-13.519  2.328 -11.355  -0.140  0.352 -1.764   0.475 -0.110  0.833   0.678 -0.123 -0.006
-12.109  2.069 -10.983  -0.152  0.284 -1.728   0.475 -0.110  0.833   1.027  0.224  0.121
-10.894  2.154 -10.306  -0.124  0.224 -1.676   0.475 -0.110  0.833   0.803  0.454  0.248
-10.044  2.292 -9.735  -0.092  0.180 -1.576   0.455 -0.049  0.816   0.545  0.390  0.395
-9.567  2.317 -9.113  -0.056  0.140 -1.496   0.455 -0.049  0.816   0.213  0.207  0.328
-9.541  2.333 -8.594  -0.040  0.104 -1.416   0.455 -0.049  0.816  -0.177  0.132  0.190
-9.785  2.453 -8.246  -0.056  0.104 -1.336   0.468 -0.040  0.835  -0.414  0.208  0.114
-10.107  2.674 -8.172  -0.060  0.108 -1.244   0.468 -0.040  0.835  -0.469  0.293 -0.080
-10.124  2.926 -8.353  -0.044  0.148 -1.168   0.468 -0.040  0.835  -0.157  0.330 -0.144
-9.933  3.157 -8.246  -0.036  0.140 -1.080   0.424 -0.092  0.852   0.028  0.369 -0.093
-9.884  3.494 -7.977  -0.024  0.100 -0.988   0.424 -0.092  0.852  -0.154  0.448 -0.077
-9.890  3.865 -7.661  -0.020  0.092 -0.868   0.424 -0.092  0.852  -0.194  0.478 -0.009
-9.635  4.189 -7.558  -0.012  0.124 -0.748   0.393 -0.090  0.850   0.151  0.429  0.104
-9.165  4.337 -7.414   0.004  0.104 -0.612   0.393 -0.090  0.850   0.373  0.268  0.156
-8.648  4.365 -7.146   0.020  0.072 -0.504   0.393 -0.090  0.850   0.396  0.130  0.142
-8.182  4.263 -7.209   0.016  0.080 -0.368   0.393 -0.090  0.850   0.515 -0.040  0.135
-7.496  4.057 -7.487   0.016  0.056 -0.248   0.406 -0.046  0.870   0.736 -0.182  0.137
-6.678  3.716 -7.936   0.008  0.036 -0.140   0.406 -0.046  0.870   0.943 -0.290  0.091
-6.133  3.227 -9.110  -0.004  0.032 -0.080   0.406 -0.046  0.870   0.980 -0.406  0.027
-5.572  3.010 -10.059   0.008  0.024 -0.056   0.434  0.029  0.863   0.989 -0.489 -0.035
-4.751  2.150 -10.387   0.000  0.008 -0.092   0.434  0.029  0.863   0.799 -0.553 -0.140
-4.119  1.284 -9.518  -0.020 -0.032 -0.180   0.434  0.029  0.863   0.147 -0.453 -0.234
-4.688  0.972 -8.912  -0.024 -0.056 -0.304   0.470  0.043  0.836  -0.958 -0.228 -0.314
-6.001  0.958 -9.125  -0.040  0.000 -0.408   0.470  0.043  0.836  -1.300  0.015 -0.286
-7.280  1.377 -9.970  -0.040  0.080 -0.520   0.470  0.043  0.836  -1.052  0.263 -0.278
-8.059  1.961 -10.744  -0.044  0.092 -0.620   0.470  0.043  0.836  -0.711  0.462 -0.270
-8.886  2.619 -10.830  -0.024  0.072 -0.692   0.447 -0.032  0.857  -0.899  0.526 -0.201
-9.714  3.274 -10.950   0.004  0.096 -0.780   0.447 -0.032  0.857  -0.893  0.454 -0.205
-10.027  3.731 -11.367   0.016  0.164 -0.880   0.447 -0.032  0.857  -0.333  0.326 -0.245
-9.733  3.942 -11.528   0.012  0.176 -0.964   0.398 -0.084  0.857   0.208  0.275 -0.183
-9.347  4.131 -11.243   0.012  0.108 -1.064   0.398 -0.084  0.857   0.149  0.326 -0.119
-9.441  4.378 -10.722   0.020  0.088 -1.140   0.398 -0.084  0.857  -0.299  0.297 -0.033
-9.592  4.499 -10.238   0.044  0.140 -1.208   0.377 -0.081  0.842  -0.250  0.136  0.086
-9.312  4.243 -9.747   0.064  0.176 -1.280   0.377 -0.081  0.842   0.192 -0.141  0.214
-8.849  3.659 -9.195   0.044  0.160 -1.340   0.377 -0.081  0.842   0.384 -0.375  0.253
-8.438  2.920 -8.536   0.036  0.132 -1.380   0.377 -0.081  0.842   0.330 -0.516  0.264
-8.116  2.135 -8.075   0.048  0.136 -1.424   0.424 -0.055  0.852   0.267 -0.624  0.221
-7.942  1.204 -7.751   0.032  0.128 -1.468   0.424 -0.055  0.852   0.149 -0.770  0.086
-8.100  0.296 -7.516  -0.012  0.120 -1.516   0.424 -0.055  0.852  -0.154 -0.761 -0.007
-8.590 -0.406 -7.316  -0.036  0.148 -1.532   0.470 -0.078  0.836  -0.438 -0.614 -0.069
-9.079 -0.772 -7.332  -0.060  0.200 -1.544   0.470 -0.078  0.836  -0.424 -0.331 -0.118
-9.054 -0.900 -7.351  -0.068  0.236 -1.548   0.470 -0.078  0.836   0.026 -0.085 -0.038
-8.621 -0.856 -7.157  -0.064  0.216 -1.540   0.486 -0.078  0.818   0.336  0.110  0.079
-8.135 -0.644 -6.786  -0.060  0.192 -1.512   0.486 -0.078  0.818   0.351  0.264  0.191
-7.680 -0.289 -6.265  -0.032  0.184 -1.488   0.486 -0.078  0.818   0.323  0.357  0.318
-7.251  0.013 -5.642  -0.016  0.152 -1.432   0.486 -0.078  0.818   0.289  0.306  0.363
-7.036  0.211 -5.089  -0.012  0.120 -1.380   0.483 -0.061  0.846   0.091  0.197  0.341
-7.090  0.369 -4.575  -0.012  0.112 -1.312   0.483 -0.061  0.846  -0.134  0.151  0.320
-7.313  0.476 -4.200  -0.012  0.120 -1.244   0.483 -0.061  0.846  -0.258  0.098  0.256
-7.385  0.512 -3.852  -0.004  0.140 -1.180   0.468 -0.092  0.844  -0.084  0.046  0.190
-7.276  0.462 -3.555  -0.008  0.120 -1.108   0.468 -0.092  0.844   0.054 -0.007  0.123
-7.124  0.397 -3.282  -0.012  0.100 -1.028   0.468 -0.092  0.844   0.075 -0.006  0.072
-7.104  0.398 -3.147  -0.008  0.108 -0.968   0.475 -0.087  0.836  -0.010  0.027  0.033
-6.988  0.379 -3.086  -0.016  0.112 -0.904   0.475 -0.087  0.836   0.099  0.029  0.021
-6.742  0.368 -3.039  -0.012  0.100 -0.820   0.475 -0.087  0.836   0.213  0.036  0.003
-6.496  0.369 -2.956  -0.004  0.080 -0.752   0.475 -0.087  0.836   0.191  0.034 -0.022
-6.360  0.347 -2.913  -0.004  0.076 -0.664   0.486 -0.090  0.859   0.120  0.008 -0.028
-6.215  0.285 -2.921  -0.004  0.072 -0.584   0.486 -0.090  0.859   0.152 -0.029 -0.039
-6.046  0.186 -3.058  -0.008  0.076 -0.508   0.486 -0.090  0.859   0.232 -0.057 -0.056
-5.765  0.041 -3.248  -0.012  0.068 -0.460   0.475 -0.087  0.848   0.335 -0.074 -0.099
-5.444 -0.121 -3.377  -0.016  0.052 -0.408   0.475 -0.087  0.848   0.340 -0.056 -0.122
-5.141 -0.304 -3.320  -0.028  0.032 -0.392   0.475 -0.087  0.848   0.239 -0.001 -0.140
-5.023 -0.297 -3.593  -0.012  0.044 -0.408   0.491 -0.046  0.844   0.141  0.042 -0.160
-5.014 -0.169 -3.910   0.000  0.052 -0.432   0.491 -0.046  0.844   0.066  0.081 -0.180
-5.069  0.018 -4.204   0.000  0.052 -0.472   0.491 -0.046  0.844  -0.014  0.136 -0.205
-5.176  0.186 -4.429  -0.012  0.044 -0.472   0.491 -0.046  0.844  -0.095  0.178 -0.202
-5.436  0.480 -4.695  -0.008  0.052 -0.532   0.481 -0.040  0.865  -0.232  0.257 -0.199
-5.711  0.814 -4.927  -0.012  0.056 -0.592   0.481 -0.040  0.865  -0.265  0.311 -0.189
-5.925  1.166 -5.220  -0.012  0.072 -0.652   0.481 -0.040  0.865  -0.194  0.330 -0.194
-6.078  1.468 -5.320  -0.012  0.076 -0.716   0.444 -0.075  0.846  -0.156  0.317 -0.201
-6.224  1.783 -5.405   0.000  0.084 -0.792   0.444 -0.075  0.846  -0.156  0.306 -0.199
-6.362  2.076 -5.508   0.004  0.096 -0.856   0.444 -0.075  0.846  -0.141  0.286 -0.196
-6.459  2.332 -5.713   0.012  0.108 -0.920   0.421 -0.058  0.842  -0.100  0.240 -0.190
-6.501  2.545 -5.902   0.020  0.120 -0.984   0.421 -0.058  0.842  -0.045  0.200 -0.169
-6.455  2.617 -6.036   0.016  0.124 -1.052   0.421 -0.058  0.842   0.033  0.103 -0.136
-6.334  2.569 -6.164   0.024  0.136 -1.104   0.421 -0.058  0.842   0.121 -0.006 -0.117
-6.151  2.379 -6.161   0.024  0.128 -1.168   0.413 -0.066  0.857   0.168 -0.113 -0.084
-5.987  2.091 -6.100   0.020  0.120 -1.212   0.413 -0.066  0.857   0.147 -0.194 -0.075
-5.975  1.727 -6.004   0.016  0.120 -1.260   0.413 -0.066  0.857   0.021 -0.276 -0.061
-6.080  1.294 -5.850   0.008  0.108 -1.308   0.429 -0.064  0.838  -0.099 -0.342 -0.053
-6.253  0.842 -5.747   0.004  0.120 -1.336   0.429 -0.064  0.838  -0.140 -0.356 -0.068
-6.397  0.446 -5.671  -0.008  0.128 -1.352   0.429 -0.064  0.838  -0.122 -0.324 -0.061
-6.483  0.146 -5.618  -0.016  0.148 -1.380   0.465 -0.064  0.829  -0.057 -0.229 -0.042
-6.478 -0.001 -5.580  -0.028  0.168 -1.392   0.465 -0.064  0.829   0.030 -0.095  0.000
-6.391  0.010 -5.506  -0.036  0.172 -1.392   0.465 -0.064  0.829   0.096  0.048  0.048
-6.279  0.141 -5.381  -0.044  0.172 -1.400   0.465 -0.064  0.829   0.108  0.167  0.096
-6.178  0.374 -5.221  -0.036  0.156 -1.384   0.457 -0.058  0.853   0.075  0.247  0.132
-6.101  0.640 -4.996  -0.024  0.140 -1.356   0.457 -0.058  0.853   0.036  0.271  0.153
-6.068  0.877 -4.810  -0.016  0.144 -1.316   0.457 -0.058  0.853   0.015  0.239  0.148
-6.045  1.057 -4.546  -0.008  0.144 -1.272   0.429 -0.081  0.835   0.019  0.195  0.127
-6.017  1.205 -4.322   0.004  0.144 -1.228   0.429 -0.081  0.835   0.036  0.153  0.114
-5.982  1.274 -4.126   0.000  0.132 -1.180   0.429 -0.081  0.835   0.037  0.098  0.079
-5.946  1.296 -4.019   0.000  0.124 -1.132   0.444 -0.072  0.846   0.037  0.057  0.041
-5.910  1.277 -3.901  -0.004  0.108 -1.080   0.444 -0.072  0.846   0.022  0.032  0.020
-5.880  1.254 -3.808   0.000  0.104 -1.036   0.444 -0.072  0.846   0.019  0.020  0.002
-5.821  1.223 -3.714   0.000  0.096 -0.984   0.444 -0.072  0.846   0.038  0.016 -0.008
-5.758  1.149 -3.599  -0.008  0.096 -0.928   0.429 -0.087  0.863   0.060 -0.003 -0.014
-5.686  1.050 -3.535  -0.008  0.096 -0.868   0.429 -0.087  0.863   0.086 -0.028 -0.025
-5.600  0.943 -3.469  -0.004  0.088 -0.816   0.429 -0.087  0.863   0.096 -0.045 -0.034
-5.536  0.819 -3.465  -0.008  0.084 -0.776   0.434 -0.078  0.844   0.077 -0.052 -0.052
-5.487  0.704 -3.472  -0.008  0.076 -0.720   0.434 -0.078  0.844   0.065 -0.052 -0.073
-5.465  0.623 -3.548  -0.004  0.080 -0.676   0.434 -0.078  0.844   0.066 -0.042 -0.085
-5.448  0.553 -3.584  -0.008  0.068 -0.632   0.452 -0.078  0.850   0.041 -0.019 -0.093
-5.491  0.509 -3.696  -0.012  0.072 -0.608   0.452 -0.078  0.850   0.011  0.010 -0.112
-5.579  0.528 -3.826  -0.008  0.072 -0.588   0.452 -0.078  0.850  -0.023  0.045 -0.118
-5.659  0.569 -3.919  -0.012  0.064 -0.588   0.452 -0.078  0.850  -0.047  0.082 -0.141
-5.760  0.674 -4.111  -0.008  0.068 -0.604   0.447 -0.066  0.867  -0.064  0.113 -0.154
-5.872  0.831 -4.301   0.000  0.072 -0.616   0.447 -0.066  0.867  -0.077  0.137 -0.157
-5.940  0.976 -4.406  -0.004  0.064 -0.656   0.447 -0.066  0.867  -0.078  0.148 -0.156
-6.064  1.111 -4.520  -0.008  0.088 -0.688   0.426 -0.090  0.850  -0.072  0.157 -0.162
-6.142  1.227 -4.540  -0.004  0.080 -0.728   0.426 -0.090  0.850  -0.071  0.143 -0.157
-6.225  1.347 -4.654   0.000  0.100 -0.776   0.426 -0.090  0.850  -0.041  0.132 -0.167
-6.282  1.449 -4.878   0.000  0.108 -0.832   0.426 -0.072  0.857  -0.019  0.112 -0.179
-6.293  1.491 -5.010  -0.004  0.104 -0.884   0.426 -0.072  0.857  -0.001  0.080 -0.151
-6.301  1.521 -5.166   0.004  0.116 -0.928   0.426 -0.072  0.857   0.016  0.052 -0.152
-6.278  1.465 -5.167   0.000  0.112 -0.984   0.411 -0.090  0.865   0.028  0.002 -0.138
-6.237  1.353 -5.115   0.000  0.108 -1.028   0.411 -0.090  0.865   0.032 -0.045 -0.128
-6.235  1.231 -5.098   0.000  0.124 -1.064   0.411 -0.090  0.865   0.023 -0.064 -0.110
-6.221  1.068 -4.994   0.000  0.112 -1.100   0.411 -0.090  0.865   0.008 -0.097 -0.095
-6.263  0.877 -4.901   0.000  0.120 -1.128   0.416 -0.084  0.838  -0.029 -0.135 -0.068
-6.308  0.668 -4.748  -0.004  0.112 -1.168   0.416 -0.084  0.838  -0.052 -0.147 -0.053
-6.331  0.464 -4.576  -0.008  0.116 -1.212   0.416 -0.084  0.838  -0.036 -0.142 -0.031
-6.377  0.272 -4.485  -0.016  0.128 -1.236   0.442 -0.075  0.848  -0.042 -0.135 -0.020
-6.408  0.141 -4.373  -0.012  0.132 -1.264   0.442 -0.075  0.848  -0.034 -0.095  0.004
-6.411  0.043 -4.239  -0.012  0.136 -1.272   0.442 -0.075  0.848  -0.007 -0.070  0.037
-6.373 -0.040 -4.016  -0.012  0.132 -1.276   0.442 -0.087  0.852   0.020 -0.051  0.055
-6.305 -0.082 -3.802  -0.016  0.136 -1.276   0.442 -0.087  0.852   0.052 -0.012  0.068
-6.231 -0.072 -3.576  -0.008  0.136 -1.272   0.442 -0.087  0.852   0.056  0.020  0.086
-6.164 -0.025 -3.387  -0.004  0.140 -1.256   0.442 -0.087  0.852   0.060  0.045  0.077
-6.110  0.026 -3.176  -0.008  0.140 -1.240   0.437 -0.090  0.833   0.054  0.057  0.088
-6.053  0.060 -2.955  -0.008  0.132 -1.208   0.437 -0.090  0.833   0.053  0.046  0.090
-6.017  0.101 -2.783  -0.004  0.136 -1.188   0.437 -0.090  0.833   0.045  0.043  0.074
-5.959  0.116 -2.642  -0.008  0.124 -1.176   0.450 -0.081  0.844   0.050  0.029  0.064
-5.918  0.124 -2.534  -0.004  0.124 -1.144   0.450 -0.081  0.844   0.043  0.015  0.049
-5.852  0.118 -2.394   0.000  0.108 -1.108   0.450 -0.081  0.844   0.045  0.001  0.039
-5.807  0.088 -2.203  -0.004  0.108 -1.064   0.439 -0.098  0.855   0.038 -0.008  0.032
-5.757  0.052 -2.015   0.000  0.100 -1.020   0.439 -0.098  0.855   0.037 -0.020  0.022
-5.713  0.012 -1.854   0.000  0.100 -0.976   0.439 -0.098  0.855   0.041 -0.025  0.016
-5.676 -0.049 -1.746  -0.004  0.104 -0.940   0.439 -0.098  0.855   0.055 -0.041  0.014
-5.600 -0.091 -1.638   0.004  0.088 -0.904   0.447 -0.090  0.835   0.064 -0.042 -0.005
-5.528 -0.163 -1.537  -0.004  0.080 -0.860   0.447 -0.090  0.835   0.054 -0.050 -0.022
-5.477 -0.234 -1.481  -0.004  0.080 -0.828   0.447 -0.090  0.835   0.045 -0.053 -0.044
-5.437 -0.299 -1.435  -0.004  0.076 -0.800   0.473 -0.092  0.855   0.034 -0.050 -0.058
-5.426 -0.318 -1.466   0.000  0.084 -0.772   0.473 -0.092  0.855   0.037 -0.026 -0.075
-5.420 -0.356 -1.510  -0.012  0.080 -0.744   0.473 -0.092  0.855   0.031 -0.012 -0.089
-5.424 -0.368 -1.604  -0.012  0.084 -0.728   0.473 -0.092  0.855   0.037  0.007 -0.105
-5.447 -0.337 -1.728  -0.008  0.088 -0.732   0.460 -0.092  0.855   0.031  0.030 -0.111
-5.457 -0.308 -1.814  -0.016  0.080 -0.720   0.460 -0.092  0.855   0.021  0.057 -0.119
-5.506 -0.256 -1.980  -0.016  0.092 -0.736   0.460 -0.092  0.855   0.015  0.070 -0.139
-5.542 -0.177 -2.166  -0.012  0.088 -0.736   0.457 -0.081  0.842   0.012  0.082 -0.140
-5.552 -0.082 -2.305  -0.004  0.084 -0.748   0.457 -0.081  0.842   0.019  0.081 -0.136
-5.551  0.015 -2.426  -0.004  0.084 -0.764   0.457 -0.081  0.842   0.022  0.087 -0.134
-5.560  0.081 -2.612  -0.012  0.092 -0.808   0.465 -0.072  0.855   0.023  0.076 -0.134
-5.584  0.156 -2.823  -0.008  0.104 -0.848   0.465 -0.072  0.855   0.026  0.071 -0.133
-5.571  0.219 -2.986  -0.004  0.100 -0.884   0.465 -0.072  0.855   0.039  0.059 -0.135
-5.554  0.286 -3.200   0.000  0.100 -0.904   0.444 -0.061  0.853   0.037  0.052 -0.141
-5.547  0.351 -3.435   0.008  0.112 -0.940   0.444 -0.061  0.853   0.045  0.032 -0.139
-5.541  0.390 -3.682   0.000  0.120 -0.972   0.444 -0.061  0.853   0.055  0.026 -0.138
-5.569  0.403 -3.902  -0.008  0.124 -1.008   0.444 -0.061  0.853   0.026  0.019 -0.121
-5.551  0.389 -4.000  -0.012  0.112 -1.040   0.452 -0.069  0.838   0.036  0.016 -0.125
-5.892  0.387 -4.050  -0.012  0.112 -1.068   0.452 -0.069  0.838  -0.282  0.005 -0.100
-5.890  0.358 -4.114  -0.012  0.120 -1.068   0.452 -0.069  0.838   0.021 -0.001 -0.084
-5.907  0.352 -4.251  -0.008  0.128 -1.092   0.460 -0.058  0.855   0.012  0.002 -0.078
-5.926  0.344 -4.329  -0.008  0.124 -1.124   0.460 -0.058  0.855  -0.002  0.002 -0.056
-5.947  0.337 -4.406  -0.012  0.132 -1.144   0.460 -0.058  0.855   0.005  0.007 -0.038
-5.958  0.347 -4.433   0.000  0.132 -1.164   0.444 -0.061  0.844   0.008  0.003 -0.022
-5.935  0.345 -4.421  -0.008  0.128 -1.184   0.444 -0.061  0.844   0.027  0.012 -0.006
-5.902  0.365 -4.365  -0.004  0.128 -1.196   0.444 -0.061  0.844   0.033  0.024  0.028
-5.861  0.402 -4.294   0.000  0.128 -1.200   0.444 -0.061  0.844   0.039  0.035  0.039
-5.822  0.449 -4.243  -0.004  0.128 -1.204   0.452 -0.055  0.835   0.037  0.048  0.044
-5.782  0.495 -4.192  -0.004  0.128 -1.184   0.452 -0.055  0.835   0.044  0.049  0.053
-5.748  0.559 -4.144   0.000  0.128 -1.168   0.452 -0.055  0.835   0.041  0.059  0.055
-5.715  0.579 -4.062  -0.020  0.124 -1.156   0.460 -0.064  0.848   0.039  0.060  0.052
-5.654  0.619 -3.958  -0.008  0.112 -1.136   0.460 -0.064  0.848   0.047  0.064  0.038
-5.601  0.647 -3.848  -0.012  0.108 -1.128   0.460 -0.064  0.848   0.037  0.063  0.038
-5.588  0.679 -3.802  -0.012  0.116 -1.084   0.460 -0.064  0.848   0.026  0.062  0.027
-5.564  0.721 -3.735  -0.004  0.108 -1.064   0.460 -0.064  0.848   0.025  0.059  0.024
-5.562  0.767 -3.715   0.000  0.116 -1.048   0.460 -0.064  0.848   0.025  0.053  0.017
-5.561  0.805 -3.728  -0.004  0.116 -1.020   0.460 -0.064  0.848   0.030  0.053  0.002
-5.538  0.833 -3.684   0.000  0.100 -0.988   0.450 -0.066  0.842   0.025  0.046 -0.008
-5.533  0.828 -3.689  -0.012  0.104 -0.960   0.450 -0.066  0.842   0.026  0.040 -0.019
-5.518  0.822 -3.674  -0.008  0.096 -0.944   0.450 -0.066  0.842   0.021  0.032 -0.028
-5.516  0.837 -3.706  -0.004  0.100 -0.916   0.455 -0.066  0.861   0.025  0.040 -0.035
-5.546  0.832 -3.795  -0.012  0.104 -0.876   0.455 -0.066  0.861   0.017  0.035 -0.041
-5.553  0.822 -3.836  -0.012  0.092 -0.864   0.455 -0.066  0.861   0.011  0.036 -0.053
-5.573  0.834 -3.791  -0.004  0.092 -0.844   0.442 -0.084  0.850   0.004  0.045 -0.053
-5.593  0.839 -3.753  -0.012  0.088 -0.828   0.442 -0.084  0.850  -0.002  0.058 -0.067
-5.633  0.882 -3.751  -0.004  0.092 -0.804   0.442 -0.084  0.850  -0.006  0.069 -0.068
-5.679  0.936 -3.784  -0.004  0.096 -0.804   0.442 -0.084  0.850  -0.003  0.078 -0.079
-5.755  0.981 -3.905  -0.012  0.104 -0.808   0.444 -0.075  0.842  -0.013  0.081 -0.084
-5.808  1.041 -4.008  -0.008  0.100 -0.812   0.444 -0.075  0.842  -0.007  0.090 -0.095
-5.863  1.088 -4.109  -0.012  0.100 -0.816   0.444 -0.075  0.842  -0.012  0.090 -0.097
-5.929  1.168 -4.240  -0.004  0.104 -0.824   0.447 -0.072  0.865  -0.018  0.096 -0.094
-5.989  1.233 -4.373  -0.004  0.108 -0.840   0.447 -0.072  0.865  -0.011  0.085 -0.091
-6.010  1.276 -4.425  -0.004  0.096 -0.868   0.447 -0.072  0.865  -0.012  0.078 -0.093
-6.027  1.294 -4.470  -0.012  0.096 -0.888   0.447 -0.072  0.865  -0.013  0.075 -0.095
-6.043  1.306 -4.650  -0.008  0.108 -0.920   0.421 -0.055  0.844   0.005  0.049 -0.101
-6.036  1.311 -4.780  -0.004  0.104 -0.944   0.421 -0.055  0.844   0.011  0.040 -0.095
-6.007  1.293 -4.859  -0.012  0.096 -0.968   0.421 -0.055  0.844   0.010  0.042 -0.095
-5.980  1.268 -4.838  -0.008  0.096 -0.984   0.434 -0.069  0.844   0.008  0.035 -0.089
-5.969  1.231 -4.833  -0.012  0.104 -1.004   0.434 -0.069  0.844   0.006  0.029 -0.078
-5.951  1.200 -4.780  -0.008  0.096 -1.032   0.434 -0.069  0.844  -0.007  0.027 -0.078
-5.923  1.151 -4.685  -0.008  0.096 -1.056   0.437 -0.072  0.859  -0.001  0.013 -0.056
-5.924  1.093 -4.605  -0.012  0.104 -1.068   0.437 -0.072  0.859  -0.012  0.005 -0.039
-5.910  1.041 -4.509  -0.008  0.104 -1.076   0.437 -0.072  0.859  -0.001  0.003 -0.025
-5.925  0.982 -4.430  -0.008  0.112 -1.088   0.437 -0.072  0.859  -0.012 -0.009 -0.013
-5.939  0.941 -4.345  -0.004  0.116 -1.100   0.437 -0.072  0.859  -0.008 -0.003  0.004
-5.971  0.915 -4.279   0.000  0.124 -1.120   0.437 -0.072  0.859  -0.014 -0.003  0.009
-5.979  0.880 -4.181   0.000  0.124 -1.124   0.437 -0.072  0.859   0.005 -0.009  0.038
-5.985  0.847 -4.023  -0.004  0.124 -1.116   0.437 -0.081  0.840   0.008  0.003  0.049
-5.981  0.813 -3.863  -0.004  0.124 -1.112   0.437 -0.081  0.840   0.017  0.002  0.058
-5.960  0.791 -3.674   0.000  0.116 -1.112   0.437 -0.081  0.840   0.017  0.007  0.061
-5.944  0.749 -3.495  -0.008  0.112 -1.100   0.426 -0.081  0.861   0.010  0.003  0.061
-5.933  0.733 -3.360  -0.004  0.120 -1.096   0.426 -0.081  0.861   0.020  0.014  0.059
-5.912  0.713 -3.181   0.000  0.108 -1.080   0.426 -0.081  0.861   0.010  0.007  0.055
-5.885  0.692 -3.029   0.000  0.108 -1.064   0.424 -0.078  0.840   0.019  0.005  0.049
-5.856  0.642 -2.875  -0.012  0.100 -1.048   0.424 -0.078  0.840   0.011  0.003  0.042
-5.875  0.620 -2.833  -0.008  0.120 -1.024   0.424 -0.078  0.840   0.012  0.008  0.035
-5.911  0.602 -2.825  -0.004  0.124 -1.000   0.424 -0.078  0.840   0.011  0.001  0.031
-5.934  0.577 -2.748  -0.004  0.116 -0.988   0.442 -0.087  0.850   0.009  0.002  0.025
-5.917  0.531 -2.629  -0.004  0.100 -0.968   0.442 -0.087  0.850   0.014 -0.010  0.009
-5.898  0.483 -2.538  -0.004  0.100 -0.952   0.442 -0.087  0.850   0.021 -0.015  0.000
-5.899  0.403 -2.448  -0.012  0.104 -0.932   0.437 -0.095  0.865   0.017 -0.028 -0.002
-5.904  0.342 -2.385  -0.004  0.104 -0.916   0.437 -0.095  0.865   0.017 -0.031 -0.017
-5.906  0.277 -2.337  -0.008  0.104 -0.912   0.437 -0.095  0.865   0.021 -0.029 -0.024
-5.905  0.222 -2.259  -0.008  0.100 -0.896   0.437 -0.098  0.838   0.019 -0.018 -0.034
-5.914  0.164 -2.205  -0.008  0.100 -0.880   0.437 -0.098  0.838   0.014 -0.024 -0.044
-5.904  0.116 -2.142  -0.008  0.092 -0.864   0.437 -0.098  0.838   0.015 -0.013 -0.061
-5.890  0.055 -2.056  -0.008  0.088 -0.868   0.437 -0.098  0.838   0.009 -0.021 -0.063
-5.874  0.042 -2.007  -0.004  0.088 -0.864   0.450 -0.095  0.850   0.011  0.004 -0.069
-5.841  0.033 -1.959   0.000  0.084 -0.864   0.450 -0.095  0.850   0.017  0.001 -0.084
-5.830  0.009 -1.957  -0.012  0.092 -0.872   0.450 -0.095  0.850   0.016  0.010 -0.090
-5.826 -0.000 -1.930  -0.008  0.092 -0.876   0.447 -0.101  0.868   0.009  0.015 -0.088
-5.828 -0.005 -1.951  -0.008  0.100 -0.884   0.447 -0.101  0.868   0.020  0.015 -0.096
-5.816 -0.011 -1.948  -0.004  0.096 -0.904   0.447 -0.101  0.868   0.019  0.008 -0.105
-5.786  0.001 -1.888   0.004  0.092 -0.920   0.447 -0.104  0.842   0.022  0.012 -0.104
-5.789 -0.002 -1.911   0.000  0.108 -0.924   0.447 -0.104  0.842   0.028  0.001 -0.111
-5.774 -0.025 -1.919  -0.004  0.108 -0.948   0.447 -0.104  0.842   0.038 -0.007 -0.108
-5.739 -0.062 -1.892  -0.008  0.100 -0.960   0.447 -0.104  0.842   0.037 -0.008 -0.116
-5.694 -0.078 -1.958  -0.004  0.100 -0.980   0.463 -0.084  0.855   0.041 -0.008 -0.105
-5.662 -0.091 -2.039  -0.008  0.108 -0.996   0.463 -0.084  0.855   0.045 -0.001 -0.099
-5.653 -0.116 -2.120  -0.012  0.112 -1.024   0.463 -0.084  0.855   0.030 -0.006 -0.097
-5.602 -0.126 -2.063  -0.004  0.100 -1.044   0.447 -0.095  0.863   0.036  0.002 -0.083
-5.555 -0.150 -2.008  -0.008  0.100 -1.048   0.447 -0.095  0.863   0.036 -0.003 -0.082
-5.541 -0.146 -1.987  -0.004  0.112 -1.048   0.447 -0.095  0.863   0.031  0.008 -0.064
-5.551 -0.131 -1.981   0.004  0.120 -1.060   0.452 -0.095  0.835   0.023  0.002 -0.069
-5.545 -0.125 -1.951   0.000  0.116 -1.064   0.452 -0.095  0.835   0.028  0.003 -0.062
-5.539 -0.116 -1.920   0.000  0.120 -1.072   0.452 -0.095  0.835   0.034  0.005 -0.050
-5.525 -0.125 -1.866  -0.008  0.116 -1.072   0.452 -0.095  0.835   0.034  0.005 -0.041
-5.497 -0.120 -1.872  -0.008  0.116 -1.072   0.465 -0.084  0.850   0.047  0.013 -0.034
-5.479 -0.120 -1.866  -0.008  0.116 -1.068   0.465 -0.084  0.850   0.041  0.008 -0.022
-5.473 -0.116 -1.886  -0.008  0.120 -1.060   0.465 -0.084  0.850   0.039  0.009 -0.028
-5.444 -0.102 -1.870  -0.008  0.116 -1.056   0.452 -0.087  0.857   0.052  0.020 -0.018
-5.417 -0.120 -1.849  -0.020  0.112 -1.052   0.452 -0.087  0.857   0.045  0.018 -0.023
-5.398 -0.097 -1.831  -0.004  0.116 -1.048   0.452 -0.087  0.857   0.048  0.021 -0.012
-5.393 -0.061 -1.849   0.000  0.116 -1.040   0.452 -0.081  0.836   0.037  0.023 -0.025
-5.373 -0.028 -1.847  -0.008  0.108 -1.020   0.452 -0.081  0.836   0.039  0.040 -0.028
-5.354 -0.012 -1.840  -0.008  0.108 -1.020   0.452 -0.081  0.836   0.039  0.026 -0.023
-5.368  0.042 -1.967  -0.004  0.116 -1.004   0.470 -0.066  0.857   0.030  0.041 -0.036
-5.388  0.083 -2.126  -0.012  0.120 -0.996   0.470 -0.066  0.857   0.036  0.042 -0.041
-5.375  0.108 -2.226  -0.012  0.104 -0.968   0.470 -0.066  0.857   0.036  0.038 -0.045
-5.373  0.170 -2.323   0.000  0.104 -0.964   0.470 -0.066  0.857   0.027  0.045 -0.049
-5.363  0.202 -2.337  -0.004  0.104 -0.956   0.455 -0.087  0.852   0.037  0.041 -0.067
-5.357  0.242 -2.340   0.000  0.100 -0.940   0.455 -0.087  0.852   0.028  0.041 -0.067
-5.355  0.273 -2.334  -0.004  0.096 -0.924   0.455 -0.087  0.852   0.020  0.043 -0.068
-5.319  0.300 -2.313  -0.004  0.084 -0.912   0.452 -0.081  0.840   0.027  0.045 -0.078
-5.277  0.321 -2.295  -0.004  0.084 -0.912   0.452 -0.081  0.840   0.033  0.041 -0.079
-5.263  0.335 -2.308  -0.012  0.088 -0.912   0.452 -0.081  0.840   0.020  0.049 -0.089
-5.242  0.379 -2.429  -0.008  0.096 -0.904   0.465 -0.072  0.855   0.044  0.062 -0.104
-5.255  0.434 -2.578  -0.004  0.104 -0.900   0.465 -0.072  0.855   0.033  0.058 -0.100
-5.281  0.490 -2.729  -0.004  0.104 -0.900   0.465 -0.072  0.855   0.021  0.062 -0.107
-5.279  0.539 -2.828  -0.004  0.096 -0.912   0.465 -0.072  0.855   0.025  0.062 -0.105
-5.272  0.583 -2.897  -0.008  0.092 -0.920   0.439 -0.075  0.857   0.019  0.070 -0.108
-5.285  0.653 -2.985   0.004  0.100 -0.936   0.439 -0.075  0.857   0.014  0.065 -0.106
-5.300  0.733 -3.094   0.008  0.104 -0.944   0.439 -0.075  0.857   0.017  0.068 -0.116
-5.349  0.816 -3.242   0.008  0.116 -0.944   0.444 -0.075  0.836   0.014  0.064 -0.112
-5.364  0.856 -3.321   0.000  0.104 -0.960   0.444 -0.075  0.836   0.012  0.057 -0.113
-5.377  0.895 -3.406   0.000  0.108 -0.976   0.444 -0.075  0.836   0.019  0.056 -0.112
-5.376  0.922 -3.520  -0.004  0.104 -0.980   0.455 -0.064  0.857   0.022  0.052 -0.097
-5.390  0.968 -3.664   0.004  0.112 -0.988   0.455 -0.064  0.857   0.021  0.049 -0.105
-5.387  1.016 -3.752   0.004  0.104 -1.000   0.455 -0.064  0.857   0.017  0.058 -0.095
-5.386  1.042 -3.818   0.000  0.104 -1.016   0.455 -0.064  0.857   0.014  0.048 -0.084
-5.416  1.039 -3.892  -0.016  0.112 -1.016   0.421 -0.069  0.852   0.004  0.052 -0.075
-5.448  1.048 -3.954  -0.012  0.112 -1.016   0.421 -0.069  0.852   0.000  0.054 -0.071
-5.427  1.404 -3.969  -0.012  0.108 -1.044   0.421 -0.069  0.852   0.010  0.362 -0.058
-5.456  1.402 -4.014  -0.008  0.112 -1.040   0.439 -0.064  0.838  -0.002  0.049 -0.055
-5.484  1.428 -4.072   0.000  0.120 -1.040   0.439 -0.064  0.838   0.011  0.054 -0.040
-5.505  1.420 -4.106  -0.008  0.116 -1.044   0.439 -0.064  0.838   0.009  0.043 -0.035
-5.529  1.425 -4.114  -0.004  0.116 -1.044   0.444 -0.069  0.859   0.005  0.049 -0.033
-5.554  1.422 -4.097  -0.004  0.116 -1.048   0.444 -0.069  0.859   0.003  0.042 -0.013
-5.568  1.441 -4.063   0.004  0.116 -1.060   0.444 -0.069  0.859   0.009  0.047 -0.006
-5.584  1.439 -4.044  -0.004  0.116 -1.036   0.444 -0.069  0.859   0.011  0.043 -0.005
-5.620  1.445 -4.057   0.000  0.128 -1.036   0.424 -0.072  0.853   0.016  0.038  0.002
-5.637  1.439 -4.028  -0.008  0.116 -1.036   0.424 -0.072  0.853   0.010  0.048 -0.005
-5.641  1.431 -3.973   0.000  0.112 -1.024   0.424 -0.072  0.853   0.015  0.034  0.006
-5.667  1.433 -3.968   0.000  0.116 -1.020   0.442 -0.064  0.842   0.004  0.036  0.009
-5.675  1.435 -3.920   0.000  0.104 -1.004   0.442 -0.064  0.842  -0.001  0.041  0.009
-5.659  1.416 -3.847  -0.004  0.096 -0.996   0.442 -0.064  0.842   0.006  0.035  0.008
-5.654  1.383 -3.729  -0.008  0.096 -0.988   0.439 -0.075  0.865   0.000  0.032  0.011
-5.661  1.359 -3.634  -0.008  0.096 -0.968   0.439 -0.075  0.865  -0.007  0.038  0.003
-5.649  1.319 -3.537  -0.012  0.092 -0.964   0.439 -0.075  0.865   0.003  0.035 -0.006
-5.665  1.292 -3.478  -0.004  0.100 -0.952   0.439 -0.075  0.865  -0.002  0.023  0.000
-5.675  1.260 -3.380  -0.004  0.100 -0.940   0.426 -0.084  0.850   0.005  0.023 -0.005
-5.699  1.224 -3.309  -0.008  0.104 -0.936   0.426 -0.084  0.850   0.003  0.024 -0.005
-5.707  1.182 -3.210  -0.004  0.096 -0.936   0.426 -0.084  0.850  -0.001  0.013 -0.013
-5.705  1.149 -3.163  -0.004  0.092 -0.944   0.442 -0.072  0.846  -0.003  0.016 -0.024
-5.714  1.115 -3.153  -0.004  0.100 -0.948   0.442 -0.072  0.846   0.003  0.010 -0.024
-5.753  1.080 -3.189  -0.004  0.108 -0.936   0.442 -0.072  0.846  -0.003  0.004 -0.027
-5.797  1.066 -3.176   0.004  0.112 -0.928   0.434 -0.087  0.863   0.000  0.007 -0.023
-5.799  1.031 -3.083   0.000  0.092 -0.940   0.434 -0.087  0.863  -0.008  0.008 -0.040
-5.823  0.998 -3.032  -0.004  0.100 -0.936   0.434 -0.087  0.863  -0.011  0.012 -0.038
-5.823  0.959 -2.939  -0.004  0.092 -0.944   0.434 -0.087  0.863  -0.008  0.010 -0.036
-5.817  0.895 -2.853  -0.012  0.092 -0.960   0.426 -0.084  0.850  -0.006  0.007 -0.040
-5.821  0.837 -2.792  -0.012  0.096 -0.964   0.426 -0.084  0.850  -0.007  0.004 -0.040
-5.815  0.805 -2.737  -0.004  0.096 -0.968   0.426 -0.084  0.850   0.000  0.009 -0.046
-5.816  0.765 -2.691   0.000  0.100 -0.976   0.437 -0.087  0.848   0.001 -0.007 -0.055
-5.811  0.722 -2.638  -0.004  0.100 -0.976   0.437 -0.087  0.848   0.006 -0.002 -0.046
-5.818  0.689 -2.590   0.000  0.100 -0.980   0.437 -0.087  0.848  -0.005 -0.004 -0.051
-5.841  0.673 -2.579   0.004  0.112 -0.988   0.442 -0.090  0.865   0.003 -0.002 -0.045
-5.843  0.640 -2.560   0.004  0.112 -1.004   0.442 -0.090  0.865   0.017 -0.017 -0.044
-5.835  0.593 -2.516  -0.004  0.108 -1.012   0.442 -0.090  0.865   0.016 -0.012 -0.038
-5.832  0.565 -2.470   0.004  0.108 -1.020   0.442 -0.090  0.865   0.011 -0.012 -0.040
-5.828  0.551 -2.396   0.008  0.108 -1.012   0.429 -0.092  0.844   0.012 -0.007 -0.034
-5.836  0.504 -2.364  -0.004  0.116 -1.020   0.429 -0.092  0.844   0.017 -0.015 -0.039
-5.838  0.473 -2.286   0.000  0.108 -1.024   0.429 -0.092  0.844   0.005 -0.008 -0.030
-5.822  0.438 -2.230   0.000  0.104 -1.028   0.455 -0.084  0.850   0.012 -0.013 -0.024
-5.787  0.396 -2.160  -0.004  0.100 -1.032   0.455 -0.084  0.850   0.020 -0.010 -0.025
-5.768  0.369 -2.127   0.000  0.108 -1.016   0.455 -0.084  0.850   0.027 -0.012 -0.018
-5.761  0.341 -2.052   0.000  0.112 -1.012   0.450 -0.095  0.861   0.026 -0.010 -0.009
-5.768  0.308 -2.018  -0.004  0.120 -1.020   0.450 -0.095  0.861   0.027 -0.012 -0.014
-5.764  0.262 -1.966  -0.012  0.116 -1.020   0.450 -0.095  0.861   0.030 -0.007 -0.012
-5.764  0.212 -1.916  -0.012  0.116 -1.012   0.450 -0.095  0.861   0.028 -0.013 -0.007
-5.747  0.180 -1.818  -0.004  0.108 -1.000   0.439 -0.098  0.844   0.030 -0.008 -0.013
-5.756  0.146 -1.766  -0.012  0.116 -0.992   0.439 -0.098  0.844   0.025  0.001 -0.013
-5.748  0.108 -1.696  -0.012  0.112 -0.992   0.439 -0.098  0.844   0.031 -0.002 -0.012
-5.716  0.098 -1.589  -0.004  0.100 -0.984   0.455 -0.098  0.848   0.030  0.009 -0.018
-5.694  0.081 -1.518  -0.004  0.104 -0.968   0.455 -0.098  0.848   0.034  0.001 -0.024
-5.693  0.082 -1.481   0.000  0.112 -0.968   0.455 -0.098  0.848   0.032  0.004 -0.022
-5.671  0.087 -1.460   0.004  0.104 -0.964   0.457 -0.092  0.861   0.036 -0.001 -0.033
-5.654  0.090 -1.443   0.004  0.104 -0.964   0.457 -0.092  0.861   0.032 -0.002 -0.035
-5.650  0.099 -1.464   0.004  0.112 -0.964   0.457 -0.092  0.861   0.037 -0.001 -0.036
-5.660  0.099 -1.502   0.004  0.112 -0.952   0.457 -0.092  0.861   0.028 -0.008 -0.046
-5.671  0.095 -1.499   0.000  0.116 -0.948   0.447 -0.104  0.846   0.037  0.001 -0.052
-5.662  0.071 -1.458  -0.008  0.108 -0.952   0.447 -0.104  0.846   0.036  0.003 -0.051
-5.631  0.040 -1.385  -0.008  0.100 -0.956   0.447 -0.104  0.846   0.037  0.002 -0.058
-5.630  0.023 -1.430  -0.008  0.108 -0.956   0.463 -0.092  0.850   0.030  0.002 -0.071
-5.630  0.014 -1.471  -0.008  0.108 -0.960   0.463 -0.092  0.850   0.027  0.008 -0.071
-5.627  0.009 -1.505  -0.004  0.108 -0.968   0.463 -0.092  0.850   0.028  0.004 -0.071
-5.600  0.006 -1.476  -0.004  0.100 -0.972   0.455 -0.101  0.863   0.032  0.012 -0.080
-5.590  0.003 -1.468  -0.004  0.104 -0.976   0.455 -0.101  0.863   0.026  0.010 -0.084
-5.530  0.004 -1.412  -0.004  0.092 -0.972   0.455 -0.101  0.863   0.045  0.019 -0.088
-5.507  0.163 -1.398   0.060  0.104 -0.988   0.455 -0.101  0.863   0.036  0.024 -0.089
-5.479  0.178 -1.452   0.000  0.104 -0.988   0.442 -0.090  0.840   0.042  0.020 -0.101
-5.458  0.184 -1.498  -0.004  0.104 -0.984   0.442 -0.090  0.840   0.037  0.020 -0.094
-5.430  0.217 -1.557   0.008  0.108 -0.996   0.442 -0.090  0.840   0.049  0.020 -0.099
-5.431  0.233 -1.622   0.000  0.116 -1.008   0.460 -0.095  0.850   0.038  0.021 -0.101
-5.406  0.241 -1.629  -0.008  0.104 -1.016   0.460 -0.095  0.850   0.036  0.035 -0.097
-5.375  0.236 -1.630  -0.012  0.104 -1.016   0.460 -0.095  0.850   0.042  0.032 -0.093
-5.351  0.247 -1.653  -0.008  0.104 -1.012   0.450 -0.092  0.857   0.038  0.036 -0.095
-5.331  0.265 -1.651  -0.004  0.100 -1.004   0.450 -0.092  0.857   0.028  0.036 -0.086
-5.322  0.280 -1.689  -0.008  0.108 -1.004   0.450 -0.092  0.857   0.034  0.038 -0.089
-5.342  0.303 -1.927  -0.016  0.116 -1.008   0.444 -0.058  0.835   0.027  0.042 -0.079
-5.351  0.334 -2.143  -0.012  0.116 -1.012   0.444 -0.058  0.835   0.033  0.043 -0.082
-5.360  0.382 -2.322  -0.004  0.112 -1.012   0.444 -0.058  0.835   0.023  0.046 -0.075
-5.358  0.419 -2.477  -0.008  0.108 -1.016   0.444 -0.058  0.835   0.025  0.048 -0.075
-5.366  0.452 -2.574  -0.008  0.112 -1.008   0.465 -0.072  0.853   0.026  0.049 -0.072
-5.368  0.479 -2.642  -0.008  0.108 -1.016   0.465 -0.072  0.853   0.021  0.047 -0.068
-5.346  0.504 -2.676  -0.008  0.100 -1.012   0.465 -0.072  0.853   0.027  0.051 -0.068
-5.340  0.520 -2.694  -0.012  0.108 -0.996   0.442 -0.081  0.857   0.033  0.051 -0.051
-5.347  0.544 -2.725  -0.012  0.108 -0.988   0.442 -0.081  0.857   0.023  0.058 -0.061
-5.362  0.583 -2.776  -0.004  0.112 -0.984   0.442 -0.081  0.857   0.025  0.053 -0.063
-5.359  0.625 -2.903  -0.008  0.104 -0.980   0.442 -0.058  0.857   0.025  0.059 -0.056
-5.394  0.671 -3.072  -0.008  0.116 -0.968   0.434 -0.058  0.835   0.017  0.057 -0.052
-5.412  0.707 -3.207  -0.012  0.108 -0.968   0.434 -0.058  0.835   0.016  0.063 -0.058
-5.426  0.740 -3.310  -0.008  0.104 -0.956   0.434 -0.058  0.835   0.012  0.054 -0.047
-5.451  0.753 -3.373  -0.012  0.108 -0.972   0.450 -0.069  0.855   0.009  0.049 -0.053
-5.455  0.802 -3.391  -0.004  0.100 -0.972   0.450 -0.069  0.855   0.008  0.069 -0.050
-5.489  0.821 -3.475  -0.012  0.112 -0.968   0.450 -0.069  0.855   0.008  0.054 -0.056
-5.497  0.861 -3.404   0.004  0.100 -0.968   0.432 -0.087  0.859   0.005  0.054 -0.051
