-0.000  0.000 -0.000   0.012  0.108 -0.980   0.421 -0.066  0.838   0.059  0.051 -0.047
-0.231  0.117 -0.207   0.012  0.112 -0.984   0.421 -0.066  0.838   0.023  0.070 -0.050
-0.441  0.244 -0.363   0.008  0.104 -0.992   0.421 -0.066  0.838   0.016  0.092 -0.045
-0.665  0.357 -0.576   0.004  0.112 -0.996   0.408 -0.061  0.846   0.011  0.089 -0.035
-0.900  0.473 -0.799   0.004  0.116 -0.988   0.408 -0.061  0.846   0.003  0.092 -0.030
-1.101  0.579 -0.976   0.008  0.108 -1.000   0.408 -0.061  0.846   0.005  0.083 -0.039
-1.323  0.700 -1.242   0.008  0.120 -1.004   0.398 -0.052  0.844   0.001  0.091 -0.030
-1.535  0.792 -1.466  -0.004  0.112 -1.000   0.398 -0.052  0.844  -0.012  0.096 -0.028
-1.764  0.904 -1.667   0.004  0.112 -1.008   0.398 -0.052  0.844  -0.037  0.100 -0.023
-1.972  1.035 -1.826   0.008  0.108 -1.000   0.398 -0.052  0.844  -0.034  0.113 -0.009
-2.179  1.120 -1.984  -0.004  0.120 -1.000   0.401 -0.061  0.838  -0.016  0.100 -0.005
-2.365  1.177 -2.106   0.000  0.112 -0.988   0.401 -0.061  0.838  -0.017  0.073 -0.008
-2.572  1.227 -2.215   0.004  0.112 -0.988   0.401 -0.061  0.838  -0.041  0.059 -0.003
-2.755  1.265 -2.317   0.004  0.108 -0.976   0.395 -0.061  0.846  -0.033  0.051 -0.006
-2.921  1.312 -2.408   0.008  0.108 -0.972   0.395 -0.061  0.846  -0.024  0.052  0.000
-3.071  1.356 -2.497   0.008  0.108 -0.960   0.395 -0.061  0.846  -0.013  0.051  0.004
-3.229  1.411 -2.618   0.008  0.116 -0.968   0.385 -0.064  0.844  -0.012  0.059 -0.007
-3.379  1.496 -2.713   0.012  0.112 -0.964   0.385 -0.064  0.844  -0.019  0.080 -0.006
-3.494  1.554 -2.805   0.008  0.112 -0.964   0.385 -0.064  0.844   0.007  0.069 -0.005
-3.617  1.588 -2.937   0.004  0.120 -0.980   0.385 -0.064  0.844   0.009  0.055 -0.013
-3.749  1.631 -3.043   0.008  0.116 -0.976   0.388 -0.061  0.840  -0.011  0.056 -0.002
-3.875  1.667 -3.109   0.012  0.108 -0.976   0.388 -0.061  0.840  -0.026  0.046 -0.008
-4.018  1.704 -3.239   0.016  0.124 -0.976   0.388 -0.061  0.840  -0.015  0.033 -0.001
-4.138  1.711 -3.381   0.008  0.120 -0.972   0.388 -0.058  0.852  -0.005  0.023 -0.005
-4.238  1.719 -3.482   0.008  0.116 -0.984   0.388 -0.058  0.852  -0.002  0.028  0.004
-4.350  1.720 -3.590   0.004  0.120 -0.992   0.388 -0.058  0.852  -0.010  0.028  0.009
-4.431  1.724 -3.675   0.004  0.116 -0.992   0.388 -0.055  0.836   0.005  0.033  0.015
-4.529  1.717 -3.740   0.000  0.112 -0.988   0.388 -0.055  0.836  -0.018  0.031  0.016
-4.592  1.730 -3.716   0.008  0.096 -0.992   0.388 -0.055  0.836  -0.024  0.041  0.019
-4.683  1.737 -3.727   0.012  0.104 -0.984   0.388 -0.055  0.836  -0.033  0.023  0.024
-4.773  1.728 -3.724   0.012  0.108 -0.988   0.388 -0.061  0.836  -0.028  0.011  0.021
-4.877  1.696 -3.738   0.008  0.112 -0.988   0.388 -0.061  0.836  -0.034 -0.004  0.025
-5.004  1.652 -3.807   0.004  0.124 -0.988   0.388 -0.061  0.836  -0.033 -0.015  0.030
-5.125  1.643 -3.900   0.012  0.128 -0.996   0.385 -0.061  0.853  -0.029 -0.005  0.025
-5.213  1.629 -3.942   0.008  0.120 -0.988   0.385 -0.061  0.853  -0.018  0.003  0.039
-5.318  1.625 -3.960   0.008  0.116 -0.984   0.385 -0.061  0.853  -0.038  0.012  0.044
-5.436  1.600 -3.957   0.008  0.112 -0.984   0.393 -0.061  0.840  -0.060 -0.003  0.033
-5.525  1.564 -3.947   0.008  0.112 -0.980   0.393 -0.061  0.840  -0.038 -0.013  0.041
-5.587  1.513 -3.937   0.008  0.112 -0.984   0.393 -0.061  0.840  -0.021 -0.026  0.041
-5.641  1.455 -3.925   0.004  0.108 -0.984   0.393 -0.061  0.840  -0.023 -0.025  0.028
-5.697  1.427 -3.925   0.012  0.116 -0.988   0.398 -0.064  0.836  -0.015 -0.018  0.027
-5.738  1.426 -3.957   0.016  0.120 -0.984   0.398 -0.064  0.836   0.005 -0.005  0.015
-5.777  1.439 -3.988   0.020  0.124 -0.984   0.398 -0.064  0.836   0.011 -0.002  0.028
-5.855  1.474 -4.016   0.024  0.132 -0.980   0.401 -0.069  0.853  -0.008  0.004  0.042
-5.945  1.494 -4.053   0.020  0.132 -0.976   0.401 -0.069  0.853  -0.019 -0.000  0.037
-5.987  1.483 -4.050   0.020  0.124 -0.988   0.401 -0.069  0.853   0.003 -0.019  0.035
-6.014  1.441 -4.062   0.016  0.124 -0.992   0.401 -0.064  0.842   0.015 -0.040  0.042
-6.032  1.409 -4.059   0.020  0.120 -0.992   0.401 -0.064  0.842   0.014 -0.038  0.037
-6.040  1.391 -4.030   0.024  0.112 -0.988   0.401 -0.064  0.842   0.006 -0.031  0.027
-6.026  1.367 -4.012   0.016  0.116 -0.988   0.401 -0.064  0.842   0.033 -0.021  0.041
-6.025  1.371 -3.935   0.012  0.116 -0.976   0.406 -0.072  0.840   0.025  0.013  0.052
-6.048  1.402 -3.872   0.016  0.120 -0.984   0.406 -0.072  0.840   0.007  0.026  0.057
-6.059  1.446 -3.824   0.012  0.120 -0.980   0.406 -0.072  0.840   0.017  0.047  0.049
-6.036  1.474 -3.869   0.012  0.120 -0.980   0.406 -0.058  0.848   0.047  0.028  0.042
-5.974  1.470 -3.848   0.012  0.104 -0.972   0.406 -0.058  0.848   0.054  0.011  0.038
-5.928  1.460 -3.806   0.012  0.100 -0.976   0.406 -0.058  0.848   0.033  0.007  0.039
-5.908  1.468 -3.795   0.016  0.108 -0.980   0.421 -0.055  0.840   0.026  0.008  0.044
-5.913  1.467 -3.848   0.004  0.120 -0.984   0.421 -0.055  0.840   0.028  0.019  0.041
-5.931  1.475 -3.896   0.004  0.120 -0.984   0.421 -0.055  0.840   0.016  0.025  0.043
-5.925  1.516 -3.889   0.016  0.112 -0.992   0.421 -0.055  0.840   0.017  0.036  0.048
-5.941  1.525 -3.946  -0.004  0.120 -0.996   0.408 -0.055  0.840   0.015  0.044  0.041
-5.911  1.548 -3.953   0.000  0.108 -0.996   0.408 -0.055  0.840   0.028  0.056  0.032
-5.900  1.601 -3.972   0.004  0.112 -0.992   0.408 -0.055  0.840   0.021  0.073  0.036
-5.903  1.700 -3.952   0.020  0.112 -0.984   0.406 -0.064  0.850   0.009  0.085  0.030
-5.929  1.790 -3.982   0.016  0.120 -0.980   0.406 -0.064  0.850   0.005  0.084  0.021
-5.947  1.847 -4.004   0.004  0.116 -0.976   0.406 -0.064  0.850   0.006  0.084  0.021
-5.952  1.906 -3.966   0.012  0.108 -0.988   0.411 -0.064  0.840  -0.001  0.078  0.024
-5.980  1.935 -4.327   0.004  0.116 -0.992   0.411 -0.064  0.840  -0.006  0.064 -0.290
-6.052  1.981 -4.372   0.004  0.128 -0.988   0.411 -0.064  0.840  -0.022  0.072  0.022
-6.129  2.020 -4.384   0.004  0.120 -0.984   0.411 -0.064  0.840  -0.044  0.069  0.019
-6.217  2.062 -4.460   0.004  0.120 -0.988   0.395 -0.052  0.842  -0.057  0.066  0.025
-6.288  2.097 -4.483   0.008  0.108 -0.988   0.395 -0.052  0.842  -0.070  0.061  0.016
-6.351  2.151 -4.512   0.012  0.108 -0.984   0.395 -0.052  0.842  -0.062  0.068  0.011
-6.405  2.187 -4.468   0.012  0.108 -0.984   0.395 -0.066  0.852  -0.057  0.063  0.008
-6.508  2.255 -4.510   0.016  0.124 -0.980   0.395 -0.066  0.852  -0.067  0.072  0.000
-6.554  2.297 -4.549   0.012  0.124 -0.976   0.395 -0.066  0.852  -0.024  0.064  0.006
-6.577  2.293 -4.518   0.000  0.112 -0.976   0.398 -0.072  0.842  -0.024  0.061 -0.012
-6.619  2.270 -4.469   0.004  0.108 -0.976   0.398 -0.072  0.842  -0.049  0.037 -0.014
-6.653  2.215 -4.419   0.004  0.108 -0.976   0.398 -0.072  0.842  -0.041  0.008 -0.012
-6.687  2.154 -4.448   0.004  0.124 -0.972   0.398 -0.072  0.842  -0.010 -0.007 -0.009
-6.718  2.096 -4.542   0.012  0.132 -0.972   0.388 -0.069  0.844   0.007 -0.029 -0.018
-6.741  2.028 -4.605   0.012  0.124 -0.968   0.388 -0.069  0.844  -0.001 -0.035 -0.025
-6.770  1.933 -4.696   0.004  0.128 -0.968   0.388 -0.069  0.844   0.004 -0.048 -0.030
-6.755  1.855 -4.729   0.008  0.116 -0.968   0.398 -0.069  0.852   0.016 -0.035 -0.035
-6.733  1.780 -4.758  -0.004  0.116 -0.984   0.398 -0.069  0.852   0.020 -0.009 -0.034
-6.720  1.701 -4.788  -0.004  0.116 -0.984   0.398 -0.069  0.852   0.012 -0.016 -0.036
-6.720  1.643 -4.818   0.004  0.120 -0.988   0.401 -0.069  0.842   0.007 -0.018 -0.034
-6.733  1.602 -4.891   0.008  0.128 -0.996   0.401 -0.069  0.842   0.009 -0.016 -0.044
-6.730  1.569 -4.945   0.012  0.124 -0.996   0.401 -0.069  0.842   0.014 -0.016 -0.051
-6.711  1.527 -4.959   0.008  0.116 -0.984   0.401 -0.069  0.842   0.016 -0.014 -0.041
-6.692  1.493 -4.997   0.012  0.120 -0.988   0.398 -0.066  0.842   0.023 -0.019 -0.036
-6.691  1.459 -5.048   0.008  0.124 -0.988   0.398 -0.066  0.842   0.016 -0.016 -0.030
-6.687  1.442 -5.049   0.008  0.116 -0.988   0.398 -0.066  0.842   0.001  0.002 -0.022
-6.703  1.434 -5.099   0.008  0.124 -0.988   0.408 -0.064  0.850  -0.001  0.002 -0.018
-6.707  1.418 -5.111   0.008  0.120 -1.000   0.408 -0.064  0.850  -0.001 -0.002 -0.008
-6.720  1.396 -5.119   0.004  0.120 -0.992   0.408 -0.064  0.850  -0.006 -0.000  0.000
-6.727  1.389 -5.069   0.008  0.112 -0.988   0.406 -0.066  0.831  -0.017  0.011 -0.005
-6.708  1.381 -4.963   0.012  0.104 -0.996   0.406 -0.066  0.831  -0.013  0.007  0.005
-6.693  1.395 -4.873   0.012  0.104 -0.988   0.406 -0.066  0.831  -0.015  0.025  0.002
-6.684  1.433 -4.827   0.016  0.112 -0.984   0.406 -0.066  0.831  -0.005  0.035 -0.001
-6.722  1.494 -4.829   0.016  0.124 -0.988   0.406 -0.066  0.831  -0.024  0.047  0.003
-6.743  1.564 -4.818   0.016  0.120 -0.988   0.406 -0.066  0.831  -0.019  0.061 -0.002
-6.764  1.628 -4.818   0.016  0.124 -0.980   0.406 -0.066  0.831  -0.011  0.055  0.009
-6.759  1.658 -4.833   0.008  0.116 -0.980   0.398 -0.061  0.850  -0.002  0.044  0.011
-6.772  1.691 -4.887   0.008  0.124 -0.984   0.398 -0.061  0.850  -0.004  0.041  0.009
-6.792  1.715 -4.941   0.004  0.124 -0.988   0.398 -0.061  0.850  -0.010  0.042  0.008
-6.823  1.744 -4.958   0.004  0.124 -0.988   0.398 -0.064  0.833  -0.019  0.050  0.013
-6.860  1.797 -4.962   0.012  0.124 -0.984   0.398 -0.064  0.833  -0.027  0.053  0.019
-6.906  1.844 -5.004   0.008  0.132 -0.980   0.398 -0.064  0.833  -0.018  0.053  0.024
-6.888  1.853 -4.992   0.004  0.132 -1.008   0.398 -0.072  0.846   0.028  0.042  0.024
-6.719  1.827 -4.984   0.012  0.144 -1.064   0.398 -0.072  0.846   0.172  0.008  0.038
-6.396  1.748 -4.922   0.028  0.148 -1.152   0.398 -0.072  0.846   0.303 -0.049  0.054
-6.056  1.547 -4.791   0.032  0.148 -1.304   0.398 -0.072  0.846   0.310 -0.150  0.058
-5.934  1.257 -4.742   0.032  0.128 -1.460   0.408 -0.040  0.846   0.087 -0.250  0.030
-6.185  0.811 -4.706   0.052  0.128 -1.496   0.408 -0.040  0.846  -0.225 -0.446 -0.001
-6.355  0.416 -4.582   0.032  0.156 -1.484   0.408 -0.040  0.846  -0.129 -0.394  0.162
-6.397  0.141 -4.333   0.008  0.168 -1.476   0.442 -0.064  0.833  -0.013 -0.253  0.195
-6.454  0.087 -4.025  -0.012  0.144 -1.408   0.442 -0.064  0.833  -0.066 -0.041  0.217
-6.700  0.046 -3.631   0.004  0.116 -1.360   0.442 -0.064  0.833  -0.266 -0.058  0.236
-6.944 -0.058 -3.246   0.004  0.128 -1.272   0.450 -0.090  0.848  -0.241 -0.107  0.190
-6.949 -0.156 -3.108  -0.004  0.164 -1.192   0.450 -0.090  0.848   0.032 -0.096  0.127
-6.588 -0.196 -3.065  -0.008  0.164 -1.132   0.450 -0.090  0.848   0.363 -0.027  0.076
-6.161 -0.140 -2.927  -0.020  0.124 -1.064   0.450 -0.090  0.848   0.372  0.094  0.059
-5.883 -0.002 -2.839  -0.012  0.100 -0.988   0.463 -0.061  0.846   0.224  0.140  0.086
-5.694  0.156 -2.709  -0.008  0.088 -0.916   0.463 -0.061  0.846   0.144  0.153  0.105
-5.615  0.364 -2.575  -0.012  0.068 -0.816   0.463 -0.061  0.846   0.027  0.215  0.069
-5.765  0.673 -2.435  -0.016  0.052 -0.732   0.444 -0.066  0.848  -0.198  0.321  0.005
-5.894  1.054 -2.465  -0.012  0.064 -0.648   0.444 -0.066  0.848  -0.132  0.380 -0.029
-5.879  1.452 -2.612  -0.004  0.068 -0.560   0.444 -0.066  0.848   0.032  0.381 -0.049
-5.716  1.777 -2.807   0.000  0.068 -0.484   0.424 -0.075  0.870   0.199  0.316 -0.039
-5.492  2.016 -3.146  -0.004  0.068 -0.404   0.424 -0.075  0.870   0.313  0.257 -0.051
-5.223  2.205 -3.395  -0.004  0.052 -0.340   0.424 -0.075  0.870   0.320  0.232 -0.030
-4.979  2.302 -3.407  -0.008  0.036 -0.336   0.424 -0.075  0.870   0.225  0.208 -0.027
-4.881  2.422 -3.466  -0.004  0.024 -0.336   0.413 -0.035  0.867   0.039  0.197 -0.029
-4.909  2.504 -3.435  -0.004  0.020 -0.376   0.413 -0.035  0.867  -0.095  0.166 -0.040
-5.164  2.587 -3.561  -0.004  0.036 -0.424   0.413 -0.035  0.867  -0.223  0.146 -0.042
-5.503  2.694 -3.643  -0.004  0.048 -0.492   0.390 -0.049  0.859  -0.278  0.161 -0.025
-5.841  2.821 -3.697   0.000  0.056 -0.556   0.390 -0.049  0.859  -0.299  0.167  0.002
-6.058  2.952 -3.815   0.004  0.072 -0.628   0.390 -0.049  0.859  -0.181  0.161  0.003
-5.773  3.023 -4.010   0.012  0.096 -0.708   0.382 -0.064  0.872   0.291  0.118 -0.024
-5.735  3.070 -4.162   0.016  0.100 -0.776   0.382 -0.064  0.872   0.075  0.081 -0.035
-5.786  3.061 -4.156   0.016  0.080 -0.848   0.382 -0.064  0.872  -0.061  0.050 -0.053
-6.041  2.990 -4.117   0.008  0.076 -0.916   0.375 -0.058  0.859  -0.259  0.003 -0.056
-6.388  2.883 -4.019   0.016  0.080 -0.992   0.375 -0.058  0.859  -0.349 -0.049 -0.019
-6.746  2.727 -4.023   0.028  0.112 -1.048   0.375 -0.058  0.859  -0.319 -0.129  0.004
-6.939  2.482 -4.066   0.020  0.132 -1.112   0.375 -0.058  0.859  -0.160 -0.192  0.032
-6.943  2.186 -3.976   0.028  0.148 -1.172   0.382 -0.081  0.848   0.018 -0.234  0.059
-6.801  1.832 -3.806   0.020  0.136 -1.240   0.382 -0.081  0.848   0.117 -0.263  0.070
-6.640  1.434 -3.605   0.008  0.132 -1.296   0.382 -0.081  0.848   0.126 -0.290  0.072
-6.570  1.084 -3.467  -0.004  0.136 -1.328   0.413 -0.072  0.853   0.050 -0.255  0.069
-6.547  0.790 -3.317  -0.012  0.128 -1.372   0.413 -0.072  0.853  -0.010 -0.204  0.048
-6.573  0.610 -3.224  -0.024  0.140 -1.392   0.413 -0.072  0.853  -0.043 -0.097  0.032
-6.564  0.561 -3.181  -0.020  0.148 -1.424   0.419 -0.066  0.838  -0.013 -0.003  0.026
-6.520  0.622 -3.159  -0.016  0.160 -1.428   0.419 -0.066  0.838   0.027  0.079  0.043
-6.460  0.766 -3.138  -0.020  0.172 -1.428   0.419 -0.066  0.838   0.055  0.152  0.077
-6.388  0.974 -3.118  -0.016  0.176 -1.400   0.419 -0.066  0.838   0.076  0.212  0.099
-6.326  1.214 -3.040  -0.004  0.164 -1.396   0.408 -0.061  0.840   0.050  0.221  0.142
-6.316  1.418 -2.916   0.000  0.160 -1.376   0.408 -0.061  0.840   0.007  0.193  0.175
-6.351  1.559 -2.779   0.004  0.160 -1.344   0.408 -0.061  0.840  -0.023  0.144  0.206
-6.352  1.638 -2.488   0.008  0.144 -1.308   0.393 -0.081  0.853  -0.008  0.103  0.220
-6.318  1.618 -2.187   0.004  0.136 -1.268   0.393 -0.081  0.853   0.021  0.029  0.229
-6.287  1.507 -1.940   0.004  0.136 -1.216   0.393 -0.081  0.853   0.031 -0.054  0.212
-6.239  1.369 -1.745   0.012  0.124 -1.164   0.408 -0.072  0.850   0.037 -0.096  0.187
-6.185  1.179 -1.558   0.008  0.112 -1.100   0.408 -0.072  0.850   0.036 -0.139  0.170
-6.121  1.012 -1.405   0.012  0.104 -1.044   0.408 -0.072  0.850   0.040 -0.132  0.136
-6.040  0.820 -1.142   0.000  0.092 -0.976   0.426 -0.090  0.852   0.045 -0.119  0.127
-5.958  0.638 -0.891  -0.012  0.080 -0.924   0.426 -0.090  0.852   0.036 -0.096  0.107
-5.889  0.461 -0.680  -0.016  0.076 -0.868   0.426 -0.090  0.852   0.028 -0.088  0.085
-5.860  0.352 -0.615  -0.012  0.088 -0.812   0.426 -0.090  0.852   0.037 -0.051  0.049
-5.814  0.293 -0.608  -0.012  0.084 -0.756   0.437 -0.087  0.859   0.058 -0.011  0.028
-5.769  0.283 -0.635  -0.004  0.080 -0.692   0.437 -0.087  0.859   0.066  0.007  0.015
-5.742  0.299 -0.729  -0.004  0.080 -0.640   0.437 -0.087  0.859   0.071  0.026 -0.008
-5.718  0.350 -0.900   0.000  0.076 -0.604   0.439 -0.072  0.850   0.070  0.037 -0.019
-5.691  0.437 -1.069   0.004  0.072 -0.576   0.439 -0.072  0.850   0.071  0.058 -0.030
-5.667  0.513 -1.209   0.000  0.064 -0.556   0.439 -0.072  0.850   0.049  0.070 -0.045
-5.671  0.565 -1.370  -0.004  0.064 -0.552   0.447 -0.072  0.867   0.028  0.064 -0.055
-5.713  0.646 -1.547   0.000  0.068 -0.560   0.447 -0.072  0.867   0.005  0.074 -0.057
-5.796  0.723 -1.762   0.000  0.076 -0.580   0.447 -0.072  0.867  -0.015  0.067 -0.061
-5.890  0.783 -1.958   0.000  0.080 -0.616   0.447 -0.072  0.867  -0.029  0.056 -0.056
-5.911  0.823 -1.935   0.008  0.060 -0.664   0.419 -0.078  0.865  -0.045  0.037 -0.051
-5.982  0.848 -2.016   0.004  0.080 -0.712   0.419 -0.078  0.865  -0.046  0.028 -0.051
-6.013  0.838 -2.008   0.008  0.072 -0.768   0.419 -0.078  0.865  -0.049 -0.003 -0.052
-6.054  0.824 -2.094   0.008  0.080 -0.812   0.429 -0.061  0.844  -0.050 -0.014 -0.046
-6.078  0.774 -2.128   0.008  0.076 -0.868   0.429 -0.061  0.844  -0.056 -0.041 -0.045
-6.123  0.725 -2.185   0.020  0.092 -0.932   0.429 -0.061  0.844  -0.055 -0.070 -0.029
-6.197  0.654 -2.311   0.024  0.108 -0.976   0.439 -0.055  0.863  -0.057 -0.107 -0.018
-6.258  0.542 -2.435   0.012  0.116 -1.032   0.439 -0.055  0.863  -0.044 -0.120 -0.008
-6.288  0.405 -2.532   0.008  0.120 -1.080   0.439 -0.055  0.863  -0.019 -0.136  0.010
-6.315  0.248 -2.614   0.004  0.128 -1.132   0.439 -0.055  0.863  -0.012 -0.152  0.028
-6.334  0.079 -2.531   0.008  0.128 -1.164   0.439 -0.081  0.850  -0.011 -0.159  0.036
-6.350 -0.089 -2.421   0.000  0.128 -1.196   0.439 -0.081  0.850  -0.016 -0.142  0.048
-6.390 -0.224 -2.350  -0.004  0.140 -1.232   0.439 -0.081  0.850  -0.023 -0.118  0.046
-6.433 -0.295 -2.317  -0.004  0.144 -1.264   0.457 -0.069  0.836  -0.030 -0.077  0.060
-6.438 -0.325 -2.271   0.000  0.140 -1.272   0.457 -0.069  0.836  -0.008 -0.048  0.058
-6.452 -0.341 -2.249  -0.008  0.148 -1.292   0.457 -0.069  0.836  -0.007 -0.026  0.057
-6.412 -0.322 -2.143  -0.004  0.140 -1.312   0.463 -0.081  0.853   0.021  0.006  0.054
-6.360 -0.240 -2.042   0.008  0.140 -1.304   0.463 -0.081  0.853   0.031  0.041  0.053
-6.302 -0.138 -1.925   0.004  0.136 -1.304   0.463 -0.081  0.853   0.032  0.068  0.059
-6.254 -0.037 -1.825   0.000  0.140 -1.288   0.463 -0.081  0.853   0.036  0.079  0.071
-6.206  0.090 -1.792   0.000  0.136 -1.268   0.452 -0.061  0.840   0.034  0.097  0.093
-6.171  0.208 -1.761   0.008  0.132 -1.236   0.452 -0.061  0.840   0.023  0.080  0.088
-6.148  0.308 -1.749   0.004  0.132 -1.212   0.452 -0.061  0.840   0.018  0.074  0.082
-6.141  0.378 -1.655   0.012  0.128 -1.172   0.452 -0.078  0.838   0.007  0.046  0.077
-6.137  0.410 -1.576   0.012  0.124 -1.132   0.452 -0.078  0.838   0.006  0.014  0.068
-6.123  0.423 -1.491   0.012  0.112 -1.096   0.452 -0.078  0.838   0.001  0.001  0.050
-6.134  0.432 -1.454   0.016  0.116 -1.064   0.455 -0.078  0.857  -0.007 -0.015  0.042
-6.124  0.426 -1.404   0.012  0.104 -1.016   0.455 -0.078  0.857  -0.001 -0.018  0.032
-6.096  0.403 -1.350   0.004  0.096 -0.984   0.455 -0.078  0.857   0.005 -0.015  0.021
-6.078  0.406 -1.327   0.008  0.096 -0.936   0.455 -0.078  0.857   0.007 -0.004  0.014
-6.046  0.422 -1.231   0.008  0.084 -0.888   0.444 -0.090  0.844   0.004  0.014 -0.007
-6.035  0.431 -1.251  -0.004  0.096 -0.856   0.444 -0.090  0.844   0.022  0.030 -0.036
-6.004  0.483 -1.273   0.004  0.088 -0.812   0.444 -0.090  0.844   0.029  0.048 -0.055
-5.997  0.542 -1.406  -0.004  0.088 -0.776   0.470 -0.075  0.848   0.021  0.069 -0.071
-5.972  0.631 -1.533   0.000  0.080 -0.740   0.470 -0.075  0.848   0.026  0.090 -0.090
-5.956  0.739 -1.647   0.000  0.072 -0.704   0.470 -0.075  0.848   0.006  0.111 -0.105
-5.956  0.842 -1.782  -0.008  0.076 -0.700   0.455 -0.084  0.867   0.005  0.134 -0.127
-6.003  0.939 -1.975  -0.012  0.084 -0.684   0.455 -0.084  0.867  -0.008  0.136 -0.126
-6.035  1.069 -2.112  -0.004  0.076 -0.680   0.455 -0.084  0.867  -0.019  0.151 -0.130
-6.080  1.230 -2.266   0.000  0.080 -0.688   0.455 -0.084  0.867  -0.026  0.168 -0.135
-6.118  1.357 -2.336  -0.008  0.080 -0.716   0.426 -0.092  0.850  -0.028  0.173 -0.127
-6.117  1.474 -2.334  -0.004  0.072 -0.736   0.426 -0.092  0.850  -0.023  0.164 -0.123
-6.132  1.583 -2.313  -0.004  0.072 -0.736   0.426 -0.092  0.850  -0.037  0.161 -0.106
-6.162  1.691 -2.369   0.000  0.080 -0.768   0.429 -0.084  0.848  -0.038  0.146 -0.110
-6.166  1.768 -2.385   0.000  0.080 -0.828   0.429 -0.084  0.848  -0.029  0.127 -0.106
-6.170  1.826 -2.433   0.000  0.084 -0.828   0.429 -0.084  0.848  -0.021  0.111 -0.116
-6.212  1.880 -2.549   0.004  0.100 -0.864   0.424 -0.081  0.865  -0.026  0.090 -0.100
-6.237  1.920 -2.646   0.012  0.104 -0.916   0.424 -0.081  0.865  -0.017  0.066 -0.099
-6.255  1.954 -2.684   0.020  0.100 -0.944   0.424 -0.081  0.865  -0.026  0.048 -0.083
-6.250  1.945 -2.693   0.012  0.100 -0.984   0.424 -0.081  0.865  -0.012  0.033 -0.073
-6.269  1.922 -2.741   0.012  0.112 -1.012   0.393 -0.078  0.848  -0.016  0.015 -0.061
-6.296  1.882 -2.771   0.008  0.116 -1.048   0.393 -0.078  0.848  -0.023  0.007 -0.046
-6.334  1.825 -2.771   0.004  0.120 -1.080   0.393 -0.078  0.848  -0.032 -0.002 -0.018
-6.370  1.778 -2.824   0.004  0.124 -1.116   0.419 -0.066  0.846  -0.033 -0.000 -0.017
-6.403  1.744 -2.823   0.008  0.120 -1.140   0.419 -0.066  0.846  -0.043  0.006  0.005
-6.400  1.712 -2.786   0.004  0.116 -1.156   0.419 -0.066  0.846  -0.022  0.017  0.019
-6.395  1.684 -2.680   0.004  0.120 -1.200   0.408 -0.078  0.861  -0.021  0.024  0.033
-6.384  1.668 -2.563   0.000  0.120 -1.216   0.408 -0.078  0.861  -0.018  0.041  0.042
-6.371  1.677 -2.462  -0.004  0.128 -1.220   0.408 -0.078  0.861  -0.005  0.067  0.060
-6.349  1.698 -2.369  -0.008  0.132 -1.216   0.408 -0.078  0.861   0.010  0.081  0.072
-6.326  1.725 -2.271  -0.008  0.132 -1.220   0.403 -0.078  0.842   0.011  0.090  0.070
-6.291  1.760 -2.147  -0.004  0.128 -1.204   0.403 -0.078  0.842   0.017  0.090  0.082
-6.265  1.784 -2.020  -0.008  0.124 -1.188   0.403 -0.078  0.842   0.009  0.091  0.087
-6.243  1.835 -1.956   0.000  0.128 -1.160   0.413 -0.072  0.850   0.016  0.096  0.088
-6.235  1.886 -1.894   0.004  0.128 -1.144   0.413 -0.072  0.850   0.007  0.090  0.093
-6.224  1.917 -1.833   0.000  0.120 -1.124   0.413 -0.072  0.850   0.001  0.084  0.076
-6.205  1.925 -1.717   0.000  0.112 -1.104   0.403 -0.078  0.859   0.000  0.069  0.082
-6.186  1.901 -1.613  -0.004  0.108 -1.076   0.403 -0.078  0.859  -0.001  0.050  0.072
-6.171  1.875 -1.527   0.000  0.108 -1.052   0.403 -0.078  0.859   0.000  0.039  0.069
-6.179  1.841 -1.487   0.004  0.116 -1.028   0.403 -0.078  0.859   0.001  0.018  0.072
-6.179  1.799 -1.446   0.004  0.108 -0.988   0.398 -0.078  0.844   0.001  0.012  0.053
-6.178  1.750 -1.405   0.004  0.104 -0.960   0.398 -0.078  0.844   0.000  0.004  0.050
-6.157  1.689 -1.327   0.004  0.092 -0.928   0.398 -0.078  0.844   0.000 -0.003  0.047
-6.151  1.666 -1.356   0.012  0.100 -0.880   0.416 -0.075  0.863   0.015  0.001  0.031
-6.159  1.643 -1.406   0.008  0.096 -0.852   0.416 -0.075  0.863   0.001  0.008  0.010
-6.170  1.600 -1.469   0.000  0.096 -0.832   0.416 -0.075  0.863   0.004  0.007  0.011
-6.192  1.608 -1.508   0.012  0.096 -0.812   0.401 -0.084  0.865  -0.001  0.023  0.000
-6.202  1.619 -1.547   0.008  0.092 -0.800   0.401 -0.084  0.865   0.003  0.037 -0.013
-6.237  1.590 -1.640  -0.008  0.096 -0.788   0.401 -0.084  0.865  -0.006  0.039 -0.025
-6.271  1.574 -1.735  -0.004  0.096 -0.776   0.401 -0.084  0.865  -0.002  0.037 -0.024
-6.330  1.590 -1.864   0.004  0.104 -0.776   0.398 -0.081  0.844  -0.007  0.039 -0.018
-6.334  1.606 -1.897   0.004  0.088 -0.784   0.398 -0.081  0.844  -0.004  0.052 -0.028
-6.322  1.611 -1.893   0.008  0.084 -0.800   0.398 -0.081  0.844  -0.002  0.036 -0.027
-6.342  1.629 -1.991   0.004  0.092 -0.824   0.416 -0.069  0.861  -0.018  0.047 -0.024
-6.359  1.614 -2.094   0.000  0.096 -0.836   0.416 -0.069  0.861  -0.010  0.028 -0.019
-6.365  1.583 -2.143   0.000  0.092 -0.852   0.416 -0.069  0.861  -0.013  0.017 -0.005
-6.373  1.538 -2.190   0.004  0.096 -0.872   0.403 -0.072  0.863  -0.011 -0.005 -0.007
-6.347  1.474 -2.175   0.004  0.088 -0.900   0.403 -0.072  0.863  -0.005 -0.018 -0.005
-6.346  1.428 -2.201   0.016  0.100 -0.924   0.403 -0.072  0.863  -0.006 -0.033 -0.003
-6.359  1.346 -2.252   0.004  0.108 -0.956   0.403 -0.072  0.863  -0.007 -0.044  0.000
-6.368  1.234 -2.226   0.000  0.108 -0.976   0.413 -0.078  0.842  -0.007 -0.059  0.016
-6.367  1.128 -2.156   0.008  0.104 -1.004   0.413 -0.078  0.842  -0.012 -0.070  0.025
-6.368  1.029 -2.101   0.004  0.112 -1.024   0.413 -0.078  0.842  -0.004 -0.062  0.038
-6.383  0.935 -2.133   0.004  0.120 -1.048   0.432 -0.064  0.863  -0.006 -0.073  0.058
-6.396  0.853 -2.138   0.008  0.120 -1.076   0.432 -0.064  0.863  -0.011 -0.070  0.066
-6.398  0.774 -2.117   0.008  0.120 -1.084   0.432 -0.064  0.863  -0.004 -0.070  0.086
-6.379  0.683 -1.990   0.004  0.112 -1.108   0.424 -0.075  0.855  -0.004 -0.065  0.088
-6.385  0.622 -1.895   0.004  0.124 -1.108   0.424 -0.075  0.855  -0.004 -0.047  0.108
-6.371  0.547 -1.793  -0.004  0.124 -1.120   0.424 -0.075  0.855   0.011 -0.047  0.115
-6.359  0.533 -1.700   0.012  0.132 -1.132   0.424 -0.075  0.855   0.020 -0.026  0.129
-6.339  0.537 -1.546   0.020  0.128 -1.132   0.432 -0.081  0.833   0.020 -0.019  0.130
-6.321  0.523 -1.385   0.012  0.128 -1.140   0.432 -0.081  0.833   0.018 -0.020  0.141
-6.300  0.510 -1.220   0.008  0.124 -1.136   0.432 -0.081  0.833   0.015 -0.011  0.140
-6.274  0.501 -1.155   0.004  0.120 -1.124   0.444 -0.064  0.861   0.015 -0.010  0.138
-6.247  0.496 -1.109   0.008  0.120 -1.104   0.444 -0.064  0.861   0.021 -0.015  0.130
-6.200  0.503 -1.042   0.012  0.112 -1.092   0.444 -0.064  0.861   0.026 -0.009  0.125
-6.177  0.495 -0.897   0.012  0.112 -1.076   0.434 -0.084  0.855   0.011 -0.014  0.111
-6.161  0.481 -0.775   0.008  0.112 -1.060   0.434 -0.084  0.855   0.009 -0.013  0.103
-6.160  0.476 -0.671   0.012  0.112 -1.040   0.434 -0.084  0.855   0.000 -0.015  0.098
-6.136  0.453 -0.560   0.004  0.104 -1.012   0.434 -0.084  0.855   0.011 -0.013  0.092
-6.124  0.433 -0.501   0.004  0.104 -1.000   0.439 -0.075  0.836   0.004 -0.015  0.083
-6.094  0.401 -0.452   0.004  0.100 -0.984   0.439 -0.075  0.836   0.015 -0.025  0.069
-6.069  0.368 -0.419   0.004  0.100 -0.984   0.439 -0.075  0.836   0.011 -0.027  0.057
-6.078  0.299 -0.419  -0.012  0.108 -0.936   0.452 -0.084  0.859   0.011 -0.027  0.057
-6.088  0.248 -0.447  -0.012  0.108 -0.936   0.452 -0.084  0.859   0.010 -0.016  0.032
-6.105  0.232 -0.487   0.000  0.104 -0.900   0.452 -0.084  0.859   0.003 -0.013  0.017
-6.133  0.221 -0.517   0.000  0.104 -0.884   0.455 -0.087  0.850  -0.004 -0.008  0.014
-6.174  0.221 -0.561  -0.004  0.104 -0.884   0.455 -0.087  0.850  -0.016  0.009  0.003
-6.206  0.236 -0.609   0.000  0.100 -0.868   0.455 -0.087  0.850  -0.015  0.015 -0.013
-6.189  0.255 -0.613   0.000  0.088 -0.864   0.455 -0.087  0.850   0.001  0.025 -0.025
-6.175  0.259 -0.673  -0.008  0.088 -0.848   0.463 -0.078  0.840   0.003  0.026 -0.031
-6.186  0.268 -0.772  -0.012  0.096 -0.856   0.463 -0.078  0.840  -0.001  0.037 -0.036
-6.200  0.328 -0.914   0.000  0.100 -0.840   0.463 -0.078  0.840   0.007  0.051 -0.057
-6.202  0.367 -1.006  -0.004  0.096 -0.860   0.457 -0.084  0.865   0.004  0.048 -0.056
-6.223  0.426 -1.113   0.000  0.100 -0.860   0.457 -0.084  0.865  -0.005  0.056 -0.056
-6.248  0.468 -1.219   0.000  0.100 -0.872   0.457 -0.084  0.865  -0.012  0.044 -0.066
-6.257  0.515 -1.267   0.004  0.100 -0.896   0.439 -0.090  0.852  -0.005  0.046 -0.061
-6.269  0.567 -1.334   0.008  0.104 -0.904   0.439 -0.090  0.852   0.000  0.040 -0.066
-6.287  0.605 -1.398   0.004  0.108 -0.928   0.439 -0.090  0.852  -0.004  0.037 -0.058
-6.313  0.609 -1.463  -0.004  0.112 -0.956   0.439 -0.090  0.852  -0.010  0.028 -0.058
-6.332  0.643 -1.677   0.000  0.116 -0.964   0.452 -0.061  0.844   0.001  0.030 -0.061
-6.351  0.670 -1.853  -0.008  0.112 -0.984   0.452 -0.061  0.844  -0.012  0.044 -0.053
-6.360  0.693 -2.017  -0.008  0.116 -1.004   0.452 -0.061  0.844  -0.001  0.041 -0.044
-6.382  0.708 -2.046  -0.008  0.120 -1.004   0.455 -0.090  0.857  -0.005  0.046 -0.038
-6.387  0.738 -2.019   0.000  0.112 -1.020   0.455 -0.090  0.857  -0.010  0.048 -0.028
-6.394  0.767 -1.966   0.004  0.112 -1.044   0.455 -0.090  0.857  -0.017  0.042 -0.016
-6.403  0.806 -1.953   0.004  0.116 -1.060   0.439 -0.081  0.844  -0.015  0.047 -0.007
-6.408  0.849 -1.916   0.004  0.112 -1.060   0.439 -0.081  0.844  -0.019  0.053  0.000
-6.405  0.882 -1.860   0.000  0.112 -1.068   0.439 -0.081  0.844  -0.013  0.055  0.016
-6.400  0.913 -1.795  -0.004  0.112 -1.076   0.439 -0.081  0.844  -0.013  0.062  0.024
-6.398  0.966 -1.776   0.004  0.116 -1.084   0.444 -0.072  0.842  -0.011  0.062  0.032
-6.384  1.012 -1.762   0.000  0.116 -1.088   0.444 -0.072  0.842  -0.001  0.066  0.028
-6.376  1.062 -1.747   0.004  0.120 -1.088   0.444 -0.072  0.842   0.001  0.062  0.042
-6.359  1.130 -1.666   0.016  0.112 -1.080   0.439 -0.081  0.863  -0.004  0.063  0.044
-6.339  1.189 -1.593   0.008  0.112 -1.084   0.439 -0.081  0.863  -0.001  0.073  0.041
-6.340  1.240 -1.570   0.000  0.120 -1.060   0.439 -0.081  0.863   0.001  0.078  0.039
-6.326  1.270 -1.499  -0.004  0.108 -1.048   0.424 -0.081  0.842  -0.006  0.074  0.036
-6.334  1.332 -1.470   0.004  0.116 -1.032   0.424 -0.081  0.842  -0.006  0.084  0.036
-6.344  1.388 -1.451   0.000  0.116 -1.036   0.424 -0.081  0.842  -0.010  0.088  0.027
-6.360  1.454 -1.450   0.004  0.116 -1.020   0.424 -0.081  0.842  -0.011  0.088  0.017
-6.359  1.499 -1.447   0.000  0.108 -1.000   0.434 -0.078  0.844  -0.008  0.081  0.011
-6.353  1.538 -1.437   0.000  0.104 -0.988   0.434 -0.078  0.844  -0.008  0.081  0.008
-6.375  1.577 -1.467   0.000  0.112 -0.976   0.434 -0.078  0.844  -0.016  0.078  0.009
-6.410  1.620 -1.505   0.000  0.116 -0.980   0.426 -0.084  0.870  -0.019  0.081  0.004
-6.458  1.664 -1.594   0.000  0.120 -0.952   0.426 -0.084  0.870  -0.018  0.080 -0.012
-6.486  1.691 -1.637   0.000  0.112 -0.944   0.426 -0.084  0.870  -0.017  0.070 -0.003
-6.489  1.704 -1.557   0.000  0.104 -0.932   0.390 -0.098  0.827  -0.007  0.074 -0.018
-6.497  1.724 -1.503   0.004  0.104 -0.916   0.390 -0.098  0.827  -0.008  0.070 -0.030
-6.491  1.762 -1.416   0.008  0.096 -0.904   0.390 -0.098  0.827  -0.010  0.081 -0.030
-6.489  1.796 -1.344   0.008  0.096 -0.896   0.390 -0.098  0.827  -0.012  0.079 -0.036
-6.496  1.864 -1.528   0.008  0.100 -0.892   0.429 -0.061  0.861  -0.015  0.085 -0.049
-6.497  1.907 -1.685   0.000  0.096 -0.892   0.429 -0.061  0.861  -0.017  0.086 -0.044
-6.510  1.948 -1.878   0.000  0.104 -0.896   0.429 -0.061  0.861  -0.012  0.081 -0.047
-6.511  1.962 -1.947   0.000  0.100 -0.908   0.413 -0.081  0.882  -0.011  0.072 -0.049
-6.511  1.983 -2.007   0.000  0.100 -0.916   0.413 -0.081  0.882  -0.013  0.078 -0.047
-6.514  2.011 -2.055   0.008  0.100 -0.928   0.413 -0.081  0.882  -0.018  0.069 -0.049
-6.489  1.997 -1.907   0.004  0.092 -0.936   0.388 -0.101  0.827  -0.008  0.061 -0.044
-6.472  1.984 -1.793   0.008  0.100 -0.948   0.388 -0.101  0.827  -0.001  0.050 -0.042
-6.461  1.971 -1.671   0.012  0.100 -0.964   0.388 -0.101  0.827  -0.008  0.042 -0.040
-6.468  1.971 -1.815   0.008  0.112 -0.976   0.419 -0.066  0.867  -0.007  0.035 -0.034
-6.516  1.969 -2.046   0.004  0.132 -0.980   0.419 -0.066  0.867  -0.005  0.029 -0.034
-6.541  1.940 -2.218   0.000  0.124 -1.000   0.419 -0.066  0.867  -0.006  0.020 -0.029
-6.569  1.914 -2.354   0.000  0.124 -1.012   0.419 -0.066  0.867  -0.012  0.022 -0.011
-6.606  1.865 -2.400  -0.004  0.124 -1.024   0.401 -0.081  0.872  -0.022  0.017  0.000
-6.604  1.830 -2.381   0.004  0.112 -1.028   0.401 -0.081  0.872  -0.012  0.019  0.000
-6.605  1.774 -2.364   0.000  0.116 -1.040   0.401 -0.081  0.872  -0.010  0.006  0.013
-6.624  1.764 -2.267   0.024  0.124 -1.048   0.390 -0.092  0.827  -0.012  0.004  0.022
-6.638  1.730 -2.161   0.012  0.124 -1.052   0.390 -0.092  0.827  -0.008  0.007  0.031
-6.636  1.687 -2.015   0.012  0.116 -1.048   0.390 -0.092  0.827  -0.008  0.001  0.044
-6.626  1.643 -2.036   0.004  0.116 -1.048   0.421 -0.064  0.865  -0.005 -0.004  0.060
-6.600  1.624 -2.027   0.008  0.112 -1.052   0.421 -0.064  0.865   0.001  0.012  0.066
-6.566  1.601 -1.998   0.012  0.108 -1.048   0.421 -0.064  0.865   0.003  0.002  0.070
-6.540  1.566 -1.977   0.008  0.112 -1.048   0.421 -0.064  0.865   0.005 -0.004  0.080
-6.524  1.522 -1.838   0.004  0.116 -1.048   0.406 -0.090  0.868   0.006  0.006  0.083
-6.503  1.476 -1.700   0.008  0.116 -1.044   0.406 -0.090  0.868   0.012 -0.005  0.088
-6.494  1.443 -1.607   0.008  0.120 -1.024   0.406 -0.090  0.868   0.014  0.001  0.078
-6.483  1.391 -1.470   0.004  0.116 -1.012   0.390 -0.090  0.823   0.011 -0.005  0.087
-6.464  1.341 -1.303   0.004  0.108 -1.016   0.390 -0.090  0.823   0.003 -0.002  0.083
-6.459  1.299 -1.171   0.008  0.112 -1.000   0.390 -0.090  0.823   0.003 -0.007  0.081
-6.442  1.247 -1.027   0.004  0.104 -0.984   0.390 -0.090  0.823   0.000 -0.007  0.071
-6.429  1.220 -1.072   0.008  0.108 -0.976   0.442 -0.061  0.876   0.005 -0.014  0.082
-6.404  1.183 -1.113   0.008  0.104 -0.976   0.442 -0.061  0.876   0.007 -0.020  0.070
-6.382  1.165 -1.146   0.016  0.100 -0.964   0.442 -0.061  0.876   0.000 -0.021  0.060
-6.339  1.102 -0.949   0.008  0.092 -0.944   0.408 -0.098  0.867   0.011 -0.024  0.065
-6.323  1.024 -0.806   0.004  0.100 -0.948   0.408 -0.098  0.867   0.004 -0.035  0.058
-6.320  0.962 -0.731   0.008  0.108 -0.940   0.408 -0.098  0.867   0.011 -0.036  0.042
-6.334  0.904 -0.747   0.004  0.116 -0.936   0.411 -0.087  0.827   0.014 -0.033  0.035
-6.352  0.836 -0.772   0.000  0.116 -0.932   0.411 -0.087  0.827   0.011 -0.037  0.030
-6.406  0.767 -0.846   0.000  0.124 -0.924   0.411 -0.087  0.827  -0.002 -0.046  0.025
-6.459  0.767 -1.041   0.012  0.132 -0.948   0.460 -0.069  0.876   0.004 -0.026  0.015
-6.511  0.767 -1.230   0.012  0.132 -0.948   0.460 -0.069  0.876   0.004 -0.026  0.014
-6.558  0.767 -1.408   0.012  0.128 -0.932   0.460 -0.069  0.876   0.001 -0.026  0.010
-6.564  0.763 -1.502   0.012  0.108 -0.932   0.460 -0.069  0.876  -0.005 -0.018  0.000
-6.562  0.718 -1.508   0.000  0.104 -0.932   0.421 -0.084  0.857  -0.005 -0.019 -0.002
-6.573  0.684 -1.525   0.004  0.108 -0.932   0.421 -0.084  0.857  -0.007 -0.021  0.003
-6.593  0.661 -1.580   0.004  0.112 -0.928   0.421 -0.084  0.857  -0.007 -0.016 -0.011
-6.586  0.618 -1.560   0.004  0.108 -0.956   0.432 -0.087  0.825   0.001 -0.026 -0.009
-6.557  0.582 -1.508   0.008  0.100 -0.968   0.432 -0.087  0.825   0.003 -0.025 -0.017
-6.505  0.535 -1.430   0.004  0.096 -0.980   0.432 -0.087  0.825   0.012 -0.025 -0.012
-6.447  0.535 -1.506   0.016  0.092 -0.992   0.432 -0.052  0.825   0.007 -0.024 -0.011
-6.421  0.531 -1.645   0.004  0.104 -0.996   0.470 -0.052  0.874   0.005 -0.010 -0.011
-6.421  0.525 -1.810   0.004  0.112 -0.996   0.470 -0.052  0.874  -0.001 -0.016 -0.011
-6.394  0.538 -1.911   0.012  0.104 -1.012   0.470 -0.052  0.874   0.003 -0.010  0.002
-6.403  0.534 -1.864   0.012  0.116 -1.016   0.424 -0.092  0.852  -0.004 -0.010 -0.007
-6.420  0.524 -1.846   0.008  0.124 -1.024   0.424 -0.092  0.852   0.003 -0.011 -0.002
-6.418  0.503 -1.804   0.000  0.120 -1.020   0.424 -0.092  0.852   0.012 -0.004  0.008
-6.407  0.491 -1.813   0.000  0.108 -1.024   0.444 -0.069  0.829  -0.005 -0.002  0.010
-6.381  0.483 -1.806   0.000  0.108 -1.036   0.444 -0.069  0.829   0.006  0.002  0.019
-6.366  0.462 -1.811  -0.004  0.108 -1.036   0.444 -0.069  0.829  -0.002 -0.000  0.010
-6.356  0.470 -1.890  -0.004  0.116 -1.036   0.483 -0.061  0.876   0.009  0.013  0.026
-6.349  0.481 -1.960   0.000  0.116 -1.024   0.483 -0.061  0.876   0.009  0.009  0.030
-6.357  0.494 -2.055  -0.004  0.120 -1.016   0.483 -0.061  0.876   0.006  0.015  0.025
-6.335  0.504 -2.116  -0.004  0.112 -1.016   0.483 -0.061  0.876   0.015  0.018  0.026
-6.334  0.540 -2.122   0.004  0.116 -1.024   0.434 -0.072  0.846   0.004  0.028  0.027
-6.340  0.584 -2.138   0.008  0.120 -1.016   0.434 -0.072  0.846   0.006  0.028  0.033
-6.323  0.595 -2.125  -0.008  0.108 -1.004   0.434 -0.072  0.846   0.006  0.036  0.025
-6.312  0.625 -2.093   0.000  0.104 -0.996   0.455 -0.069  0.829  -0.005  0.039  0.028
-6.288  0.658 -2.059   0.000  0.100 -0.988   0.455 -0.069  0.829   0.001  0.045  0.020
-6.302  0.702 -2.088   0.000  0.112 -0.976   0.455 -0.069  0.829  -0.006  0.048  0.015
-6.329  0.752 -2.211   0.000  0.120 -0.968   0.473 -0.064  0.883   0.000  0.045  0.010
-6.336  0.813 -2.293   0.004  0.112 -0.952   0.473 -0.064  0.883   0.004  0.052  0.017
-6.367  0.880 -2.409   0.004  0.116 -0.952   0.473 -0.064  0.883  -0.010  0.057 -0.001
-6.399  0.935 -2.528   0.004  0.116 -0.948   0.473 -0.064  0.883  -0.011  0.048 -0.006
-6.421  0.994 -2.472   0.012  0.112 -0.948   0.416 -0.090  0.840  -0.010  0.053  0.003
-6.430  1.047 -2.398   0.012  0.104 -0.940   0.416 -0.090  0.840  -0.015  0.053 -0.009
-6.450  1.113 -2.352   0.008  0.108 -0.944   0.416 -0.090  0.840  -0.017  0.073 -0.016
-6.450  1.189 -2.415   0.012  0.104 -0.948   0.447 -0.064  0.835  -0.011  0.067 -0.019
-6.455  1.239 -2.505   0.004  0.108 -0.944   0.447 -0.064  0.835  -0.006  0.061 -0.024
-6.457  1.300 -2.591   0.008  0.108 -0.952   0.447 -0.064  0.835  -0.006  0.064 -0.029
-6.456  1.330 -2.570   0.000  0.100 -0.956   0.452 -0.081  0.861  -0.018  0.067 -0.033
-6.437  1.348 -2.553  -0.004  0.100 -0.956   0.452 -0.081  0.861  -0.004  0.066 -0.034
-6.437  1.389 -2.554   0.000  0.104 -0.968   0.452 -0.081  0.861  -0.013  0.078 -0.040
-6.430  1.426 -2.554   0.000  0.104 -0.972   0.452 -0.081  0.861  -0.008  0.075 -0.040
-6.416  1.450 -2.472   0.000  0.096 -0.960   0.432 -0.087  0.850  -0.016  0.070 -0.029
-6.400  1.479 -2.429   0.000  0.100 -0.972   0.432 -0.087  0.850  -0.007  0.074 -0.047
-6.408  1.495 -2.439  -0.004  0.112 -0.972   0.432 -0.087  0.850  -0.004  0.068 -0.041
-6.387  1.520 -2.497  -0.004  0.100 -0.980   0.432 -0.066  0.846  -0.006  0.072 -0.040
-6.349  1.546 -2.507   0.000  0.092 -0.980   0.432 -0.066  0.846  -0.007  0.069 -0.036
-6.343  1.568 -2.570  -0.008  0.104 -0.996   0.432 -0.066  0.846  -0.011  0.078 -0.039
-6.324  1.581 -2.567  -0.004  0.100 -0.996   0.429 -0.075  0.865  -0.007  0.068 -0.031
-6.334  1.623 -2.593   0.000  0.108 -1.000   0.429 -0.075  0.865  -0.018  0.083 -0.029
-6.360  1.676 -2.643   0.004  0.116 -1.004   0.429 -0.075  0.865  -0.018  0.081 -0.023
-6.392  1.724 -2.614   0.008  0.116 -1.008   0.419 -0.087  0.852  -0.024  0.078 -0.017
-6.409  1.758 -2.566   0.004  0.112 -1.024   0.419 -0.087  0.852  -0.023  0.078 -0.020
-6.399  1.788 -2.447   0.004  0.100 -1.028   0.419 -0.087  0.852  -0.023  0.081 -0.005
-6.375  1.807 -2.304   0.008  0.096 -1.032   0.419 -0.087  0.852  -0.018  0.067  0.003
-6.374  1.838 -2.229   0.008  0.104 -1.024   0.424 -0.081  0.848  -0.022  0.072  0.006
-6.377  1.851 -2.161   0.000  0.108 -1.024   0.424 -0.081  0.848  -0.017  0.070  0.019
-6.384  1.847 -2.121  -0.004  0.112 -1.016   0.424 -0.081  0.848  -0.011  0.062  0.019
-6.381  1.873 -2.040   0.004  0.104 -1.008   0.411 -0.084  0.867  -0.017  0.077  0.022
-6.378  1.885 -1.957   0.004  0.104 -1.004   0.411 -0.084  0.867  -0.016  0.064  0.028
-6.355  1.890 -1.841   0.004  0.096 -0.996   0.411 -0.084  0.867  -0.011  0.063  0.031
-6.344  1.893 -1.766   0.000  0.100 -0.984   0.398 -0.078  0.846  -0.012  0.064  0.041
-6.338  1.908 -1.718   0.008  0.104 -0.984   0.398 -0.078  0.846  -0.007  0.057  0.035
-6.333  1.912 -1.658   0.004  0.100 -0.972   0.398 -0.078  0.846  -0.013  0.057  0.036
-6.332  1.924 -1.626   0.008  0.104 -0.960   0.398 -0.078  0.846  -0.007  0.053  0.035
-6.348  1.923 -1.632   0.008  0.108 -0.960   0.408 -0.075  0.853  -0.013  0.039  0.035
-6.358  1.914 -1.612   0.004  0.104 -0.968   0.408 -0.075  0.853  -0.018  0.042  0.038
-6.358  1.904 -1.597   0.004  0.104 -0.968   0.408 -0.075  0.853  -0.010  0.041  0.036
-6.331  1.909 -1.515   0.012  0.092 -0.964   0.408 -0.078  0.872  -0.010  0.044  0.038
-6.326  1.913 -1.476   0.012  0.100 -0.960   0.408 -0.078  0.872  -0.011  0.039  0.037
-6.331  1.900 -1.469   0.012  0.108 -0.960   0.408 -0.078  0.872  -0.004  0.020  0.047
-6.348  1.880 -1.409   0.008  0.108 -0.960   0.398 -0.087  0.846  -0.012  0.028  0.037
-6.365  1.855 -1.362   0.008  0.112 -0.956   0.398 -0.087  0.846  -0.004  0.022  0.048
-6.400  1.814 -1.315   0.004  0.112 -0.960   0.398 -0.087  0.846  -0.019  0.015  0.049
-6.407  1.774 -1.257   0.004  0.108 -0.964   0.398 -0.087  0.846  -0.007  0.017  0.041
-6.424  1.729 -1.250   0.004  0.112 -0.968   0.413 -0.084  0.853  -0.008  0.007  0.032
-6.438  1.671 -1.248  -0.004  0.112 -0.964   0.413 -0.084  0.853  -0.006  0.009  0.032
-6.426  1.620 -1.180   0.004  0.100 -0.968   0.413 -0.084  0.853  -0.008  0.003  0.036
-6.405  1.558 -1.098   0.000  0.100 -0.980   0.411 -0.087  0.861  -0.002  0.002  0.036
-6.399  1.508 -1.030   0.004  0.104 -0.984   0.411 -0.087  0.861  -0.007  0.001  0.041
-6.424  1.448 -1.024   0.004  0.116 -0.984   0.411 -0.087  0.861  -0.011 -0.016  0.038
-6.445  1.398 -1.021   0.004  0.120 -0.992   0.408 -0.087  0.842  -0.002 -0.010  0.038
-6.448  1.363 -0.998   0.012  0.116 -0.996   0.408 -0.087  0.842   0.004 -0.011  0.036
-6.445  1.299 -0.965   0.000  0.112 -0.992   0.408 -0.087  0.842   0.003 -0.013  0.035
-6.422  1.224 -0.900  -0.004  0.104 -0.984   0.408 -0.087  0.842   0.006 -0.013  0.036
-6.374  1.140 -0.801  -0.004  0.096 -1.012   0.419 -0.087  0.859   0.007 -0.020  0.031
-6.353  1.074 -0.730   0.000  0.104 -1.016   0.419 -0.087  0.859   0.000 -0.019  0.041
-6.327  1.015 -0.651   0.000  0.100 -1.012   0.419 -0.087  0.859  -0.001 -0.013  0.035
-6.320  0.941 -0.593  -0.008  0.112 -1.004   0.413 -0.095  0.868   0.007 -0.014  0.037
-6.317  0.865 -0.539  -0.004  0.112 -1.008   0.413 -0.095  0.868   0.004 -0.026  0.033
-6.299  0.796 -0.455  -0.004  0.108 -1.012   0.413 -0.095  0.868   0.009 -0.021  0.042
-6.291  0.746 -0.399   0.000  0.108 -1.020   0.416 -0.090  0.842  -0.002 -0.015  0.031
-6.280  0.704 -0.351   0.004  0.112 -1.004   0.416 -0.090  0.842   0.012 -0.021  0.048
-6.268  0.668 -0.295   0.004  0.108 -0.996   0.416 -0.090  0.842   0.007 -0.015  0.044
-6.246  0.619 -0.232   0.000  0.104 -0.996   0.416 -0.090  0.842   0.009 -0.019  0.037
-6.253  0.566 -0.240  -0.004  0.112 -0.984   0.437 -0.084  0.857   0.003 -0.024  0.048
-6.272  0.524 -0.294  -0.004  0.120 -0.984   0.437 -0.084  0.857   0.007 -0.020  0.039
-6.286  0.501 -0.350   0.004  0.120 -0.988   0.437 -0.084  0.857   0.010 -0.020  0.031
-6.280  0.489 -0.331   0.012  0.108 -0.976   0.424 -0.087  0.857   0.006 -0.021  0.039
-6.283  0.481 -0.333   0.012  0.112 -0.976   0.424 -0.087  0.857   0.006 -0.020  0.037
-6.273  0.475 -0.336   0.012  0.112 -0.976   0.424 -0.087  0.857   0.017 -0.019  0.036
-6.209  0.470 -0.191   0.020  0.084 -0.976   0.432 -0.090  0.838   0.010 -0.021  0.035
-6.180  0.464 -0.133   0.016  0.104 -0.984   0.432 -0.090  0.838   0.018 -0.020  0.033
-6.152  0.416 -0.056   0.000  0.096 -0.976   0.432 -0.090  0.838   0.004 -0.020  0.027
-6.129  0.376 -0.005   0.000  0.100 -0.972   0.432 -0.090  0.838   0.010 -0.019  0.027
-6.141  0.354 -0.082   0.004  0.112 -0.968   0.442 -0.078  0.853   0.006 -0.025  0.024
-6.125  0.327 -0.124   0.000  0.104 -0.968   0.442 -0.078  0.853   0.014 -0.018  0.021
-6.113  0.291 -0.162  -0.004  0.104 -0.976   0.442 -0.078  0.853   0.009 -0.018  0.022
-6.103  0.268 -0.221   0.000  0.108 -0.984   0.442 -0.078  0.855   0.014 -0.018  0.014
-6.084  0.247 -0.256   0.000  0.100 -0.972   0.442 -0.078  0.855   0.009 -0.014  0.006
-6.104  0.222 -0.341  -0.004  0.112 -0.972   0.442 -0.078  0.855   0.000 -0.015  0.010
-6.121  0.213 -0.437  -0.004  0.116 -0.976   0.439 -0.078  0.836   0.009 -0.003  0.002
-6.141  0.219 -0.529   0.004  0.116 -0.976   0.439 -0.078  0.836   0.005 -0.007 -0.001
-6.148  0.199 -0.591  -0.004  0.108 -0.976   0.439 -0.078  0.836   0.000 -0.008 -0.003
-6.161  0.216 -0.663   0.008  0.112 -0.992   0.439 -0.078  0.836  -0.001 -0.003 -0.013
-6.153  0.219 -0.675   0.004  0.104 -0.992   0.463 -0.084  0.855   0.000 -0.000 -0.009
-6.141  0.224 -0.698   0.004  0.104 -0.992   0.463 -0.084  0.855   0.005  0.002 -0.019
-6.143  0.228 -0.737   0.000  0.108 -0.992   0.463 -0.084  0.855   0.000  0.007 -0.019
-6.170  0.265 -0.842   0.008  0.116 -0.984   0.450 -0.078  0.857  -0.004  0.013 -0.019
-6.203  0.311 -0.964   0.008  0.120 -0.980   0.450 -0.078  0.857  -0.002  0.019 -0.022
-6.211  0.363 -1.048   0.008  0.112 -0.988   0.450 -0.078  0.857   0.001  0.031 -0.027
-6.209  0.398 -1.101   0.004  0.112 -0.992   0.447 -0.081  0.836   0.009  0.029 -0.024
-6.209  0.412 -1.154  -0.008  0.112 -1.004   0.447 -0.081  0.836   0.005  0.035 -0.025
-6.204  0.419 -1.187  -0.012  0.108 -1.000   0.447 -0.081  0.836   0.003  0.040 -0.024
-6.185  0.443 -1.205  -0.004  0.104 -1.000   0.447 -0.081  0.836   0.006  0.041 -0.029
-6.178  0.486 -1.249   0.004  0.108 -1.000   0.460 -0.081  0.857   0.005  0.040 -0.031
-6.135  0.524 -1.226   0.004  0.092 -1.004   0.460 -0.081  0.857   0.004  0.044 -0.034
-6.131  0.574 -1.270   0.004  0.108 -0.996   0.460 -0.081  0.857   0.004  0.048 -0.031
-6.124  0.638 -1.305   0.008  0.108 -0.992   0.444 -0.084  0.853   0.007  0.056 -0.036
-6.120  0.676 -1.318   0.000  0.104 -0.992   0.444 -0.084  0.853  -0.002  0.053 -0.031
-6.095  0.700 -1.300  -0.004  0.096 -0.996   0.444 -0.084  0.853  -0.001  0.053 -0.036
-6.087  0.713 -1.355  -0.012  0.104 -0.992   0.439 -0.075  0.842   0.003  0.053 -0.030
-6.090  0.780 -1.430   0.004  0.108 -0.984   0.439 -0.075  0.842   0.001  0.067 -0.036
-6.088  0.841 -1.488   0.004  0.108 -0.988   0.439 -0.075  0.842   0.005  0.064 -0.027
-6.098  0.910 -1.549   0.008  0.108 -0.984   0.439 -0.075  0.842  -0.005  0.066 -0.030
-6.130  0.970 -1.719   0.000  0.120 -0.964   0.444 -0.069  0.863   0.004  0.064 -0.034
-6.157  1.026 -1.869  -0.004  0.116 -0.964   0.444 -0.069  0.863   0.000  0.070 -0.030
-6.165  1.093 -1.956   0.004  0.104 -0.964   0.444 -0.069  0.863  -0.010  0.072 -0.034
-6.155  1.145 -1.940   0.004  0.096 -0.976   0.429 -0.078  0.853  -0.013  0.070 -0.029
-6.138  1.196 -1.918   0.004  0.096 -0.984   0.429 -0.078  0.853  -0.008  0.072 -0.027
-6.155  1.270 -1.950   0.012  0.108 -0.980   0.429 -0.078  0.853  -0.013  0.074 -0.025
-6.182  1.318 -2.064   0.000  0.112 -0.972   0.437 -0.064  0.838  -0.012  0.069 -0.019
-6.242  1.380 -2.209   0.004  0.120 -0.968   0.437 -0.064  0.838  -0.027  0.069 -0.020
-6.284  1.428 -2.326   0.000  0.116 -0.976   0.437 -0.064  0.838  -0.022  0.070 -0.017
-6.323  1.477 -2.483  -0.004  0.120 -0.976   0.442 -0.061  0.861  -0.013  0.077 -0.016
-6.329  1.522 -2.548   0.000  0.104 -0.984   0.442 -0.061  0.861  -0.019  0.075 -0.008
-6.328  1.562 -2.618   0.004  0.104 -0.992   0.442 -0.061  0.861  -0.016  0.066 -0.020
-6.350  1.626 -2.684   0.012  0.108 -0.984   0.442 -0.061  0.861  -0.027  0.069 -0.005
-6.384  1.636 -2.712  -0.012  0.112 -0.980   0.424 -0.075  0.852  -0.027  0.077 -0.011
-6.426  1.678 -2.745   0.000  0.116 -0.988   0.424 -0.075  0.852  -0.028  0.077 -0.007
-6.483  1.714 -2.786   0.004  0.120 -0.976   0.424 -0.075  0.852  -0.034  0.064  0.003
-6.518  1.746 -2.849   0.000  0.116 -0.984   0.432 -0.066  0.842  -0.027  0.069 -0.003
-6.569  1.799 -2.930   0.008  0.124 -0.992   0.432 -0.066  0.842  -0.029  0.068  0.000
-6.587  1.827 -2.967   0.004  0.116 -0.984   0.432 -0.066  0.842  -0.016  0.062  0.013
-6.606  1.844 -2.971   0.000  0.116 -0.988   0.416 -0.075  0.865  -0.017  0.063  0.017
-6.614  1.819 -2.965  -0.016  0.112 -0.992   0.416 -0.075  0.865  -0.015  0.061  0.015
-6.607  1.803 -2.911  -0.012  0.104 -1.000   0.416 -0.075  0.865  -0.019  0.066  0.019
-6.586  1.799 -2.829   0.000  0.100 -1.000   0.416 -0.075  0.865  -0.015  0.053  0.024
-6.587  1.796 -2.786  -0.004  0.108 -0.992   0.411 -0.075  0.853  -0.017  0.058  0.026
-6.609  1.812 -2.779   0.000  0.116 -0.992   0.411 -0.075  0.853  -0.019  0.062  0.026
-6.632  1.843 -2.769   0.004  0.116 -0.988   0.411 -0.075  0.853  -0.022  0.068  0.030
-6.635  1.843 -2.726   0.004  0.108 -0.992   0.416 -0.072  0.848  -0.019  0.045  0.032
-6.617  1.850 -2.663   0.004  0.104 -0.992   0.416 -0.072  0.848  -0.011  0.053  0.035
-6.621  1.872 -2.640   0.008  0.112 -0.988   0.416 -0.072  0.848  -0.012  0.055  0.036
-6.621  1.862 -2.584   0.000  0.108 -0.980   0.413 -0.078  0.868  -0.015  0.046  0.041
-6.652  1.837 -2.587  -0.004  0.120 -0.984   0.413 -0.078  0.868  -0.017  0.035  0.042
-6.664  1.830 -2.572   0.000  0.116 -0.988   0.413 -0.078  0.868  -0.012  0.044  0.036
-6.695  1.804 -2.588  -0.008  0.124 -0.988   0.413 -0.078  0.868  -0.012  0.039  0.048
-6.734  1.771 -2.567  -0.008  0.124 -0.992   0.398 -0.084  0.848  -0.021  0.035  0.041
-6.750  1.718 -2.503  -0.008  0.116 -0.984   0.398 -0.084  0.848  -0.015  0.022  0.049
-6.746  1.707 -2.419   0.008  0.112 -0.976   0.398 -0.084  0.848  -0.005  0.026  0.049
