-0.000  0.000 -0.000  -0.492  0.208 -0.848   0.814 -0.003  0.724  -0.021  0.027  0.056
-0.757 -0.926 -0.944  -0.500  0.208 -0.852   0.814 -0.003  0.724  -0.028  0.016  0.072
-1.533 -1.834 -1.848  -0.496  0.208 -0.860   0.814 -0.003  0.724  -0.060 -0.011  0.075
-2.282 -2.683 -2.744  -0.492  0.212 -0.860   0.814 -0.003  0.724  -0.038 -0.003  0.075
-3.009 -3.506 -3.607  -0.488  0.204 -0.856   0.804  0.012  0.701  -0.038 -0.013  0.093
-3.774 -4.281 -4.483  -0.496  0.216 -0.860   0.804  0.012  0.701  -0.050 -0.016  0.109
-4.517 -4.987 -5.342  -0.488  0.224 -0.868   0.804  0.012  0.701  -0.036 -0.009  0.104
-5.233 -5.682 -6.161  -0.488  0.220 -0.856   0.824  0.006  0.722  -0.025 -0.016  0.115
-5.907 -6.385 -6.902  -0.480  0.208 -0.856   0.824  0.006  0.722  -0.032 -0.044  0.121
-6.549 -7.098 -7.608  -0.496  0.196 -0.856   0.824  0.006  0.722  -0.033 -0.045  0.127
-7.156 -7.805 -8.196  -0.496  0.204 -0.860   0.824 -0.017  0.714  -0.024 -0.055  0.136
-7.768 -8.451 -8.768  -0.500  0.204 -0.864   0.811 -0.017  0.714  -0.038 -0.033  0.158
-8.390 -9.058 -9.336  -0.492  0.208 -0.856   0.811 -0.017  0.714  -0.043 -0.040  0.167
-8.964 -9.658 -9.864  -0.496  0.204 -0.860   0.811 -0.017  0.714  -0.026 -0.045  0.173
-9.552 -10.221 -10.369  -0.496  0.212 -0.860   0.817 -0.012  0.695  -0.033 -0.047  0.193
-10.155 -10.752 -10.893  -0.504  0.216 -0.852   0.817 -0.012  0.695  -0.032 -0.039  0.208
-10.738 -11.265 -11.388  -0.496  0.216 -0.852   0.817 -0.012  0.695  -0.032 -0.055  0.209
-11.198 -11.828 -11.708  -0.496  0.196 -0.848   0.840 -0.032  0.716  -0.016 -0.058  0.208
-11.700 -12.344 -12.091  -0.500  0.212 -0.848   0.840 -0.032  0.716  -0.010 -0.062  0.213
-12.158 -12.846 -12.421  -0.500  0.204 -0.856   0.840 -0.032  0.716  -0.019 -0.060  0.208
-12.590 -13.328 -12.753  -0.504  0.208 -0.864   0.840 -0.032  0.716  -0.000 -0.062  0.202
-13.004 -13.793 -13.169  -0.512  0.200 -0.864   0.824 -0.020  0.716   0.012 -0.061  0.173
-13.436 -14.232 -13.590  -0.500  0.200 -0.860   0.824 -0.020  0.716  -0.003 -0.055  0.165
-13.867 -14.594 -14.021  -0.500  0.204 -0.852   0.824 -0.020  0.716  -0.014 -0.030  0.161
-14.247 -14.948 -14.358  -0.492  0.212 -0.856   0.837 -0.029  0.697   0.002 -0.034  0.147
-14.590 -15.319 -14.697  -0.496  0.208 -0.856   0.837 -0.029  0.697   0.018 -0.046  0.125
-14.939 -15.692 -15.056  -0.500  0.208 -0.856   0.837 -0.029  0.697   0.013 -0.061  0.109
-15.294 -16.052 -15.396  -0.508  0.216 -0.852   0.863 -0.043  0.714   0.012 -0.049  0.104
-15.595 -16.390 -15.708  -0.508  0.212 -0.856   0.863 -0.043  0.714   0.026 -0.033  0.090
-15.930 -16.711 -16.084  -0.512  0.216 -0.852   0.863 -0.043  0.714   0.023 -0.020  0.073
-16.220 -16.988 -16.404  -0.504  0.208 -0.848   0.842 -0.043  0.699   0.006 -0.005  0.060
-16.502 -17.248 -16.727  -0.504  0.212 -0.856   0.842 -0.043  0.699   0.007 -0.009  0.049
-16.785 -17.484 -17.119  -0.508  0.224 -0.856   0.842 -0.043  0.699   0.041 -0.009  0.021
-17.051 -17.700 -17.494  -0.504  0.220 -0.856   0.842 -0.043  0.699   0.029 -0.001  0.005
-17.413 -17.862 -18.032  -0.512  0.228 -0.848   0.840 -0.020  0.692   0.014 -0.003 -0.001
-17.687 -18.030 -18.515  -0.512  0.220 -0.860   0.840 -0.020  0.692   0.035  0.006 -0.031
-17.968 -18.188 -19.028  -0.516  0.224 -0.856   0.840 -0.020  0.692   0.044  0.006 -0.044
-18.244 -18.320 -19.494  -0.516  0.220 -0.860   0.858 -0.029  0.720   0.013  0.024 -0.043
-18.507 -18.462 -19.929  -0.516  0.212 -0.856   0.858 -0.029  0.720  -0.003  0.021 -0.046
-18.764 -18.583 -20.370  -0.508  0.220 -0.852   0.858 -0.029  0.720   0.019  0.015 -0.050
-19.037 -18.653 -20.881  -0.508  0.220 -0.856   0.829 -0.009  0.701   0.019  0.022 -0.048
-19.393 -18.655 -21.457  -0.500  0.248 -0.856   0.829 -0.009  0.701   0.014  0.008 -0.045
-19.651 -18.699 -21.903  -0.492  0.228 -0.860   0.829 -0.009  0.701   0.016  0.004 -0.039
-19.837 -18.767 -22.243  -0.484  0.212 -0.860   0.829 -0.009  0.701   0.012  0.006 -0.033
-20.067 -18.844 -22.651  -0.500  0.212 -0.848   0.840  0.003  0.694   0.012  0.005 -0.029
-20.291 -18.926 -23.043  -0.512  0.212 -0.856   0.840  0.003  0.694   0.012  0.008 -0.021
-20.547 -18.950 -23.471  -0.516  0.228 -0.864   0.840  0.003  0.694   0.011  0.024 -0.023
-20.699 -19.007 -23.725  -0.512  0.216 -0.876   0.855 -0.017  0.718   0.012  0.043 -0.007
-20.822 -19.090 -23.944  -0.512  0.208 -0.868   0.855 -0.017  0.718   0.020  0.039 -0.001
-20.902 -19.178 -24.110  -0.508  0.204 -0.864   0.855 -0.017  0.718   0.039  0.047  0.013
-21.029 -19.223 -24.355  -0.508  0.204 -0.856   0.824 -0.006  0.699   0.028  0.052  0.022
-21.136 -19.255 -24.559  -0.504  0.204 -0.852   0.824 -0.006  0.699   0.034  0.059  0.035
-21.297 -19.290 -24.781  -0.500  0.208 -0.836   0.824 -0.006  0.699   0.025  0.035  0.061
-21.461 -19.329 -24.978  -0.500  0.208 -0.840   0.824 -0.006  0.699   0.014  0.025  0.071
-21.668 -19.321 -25.245  -0.496  0.212 -0.840   0.824  0.014  0.699   0.009  0.017  0.088
-21.938 -19.290 -25.571  -0.508  0.228 -0.844   0.824  0.014  0.699   0.008  0.006  0.100
-22.200 -19.298 -25.870  -0.508  0.220 -0.836   0.824  0.014  0.699   0.006 -0.013  0.110
-22.399 -19.374 -26.038  -0.516  0.212 -0.840   0.840 -0.009  0.722   0.011 -0.017  0.126
-22.607 -19.424 -26.211  -0.524  0.220 -0.848   0.840 -0.009  0.722   0.014 -0.008  0.143
-22.805 -19.455 -26.362  -0.520  0.224 -0.848   0.840 -0.009  0.722   0.020 -0.003  0.158
-22.925 -19.536 -26.391  -0.524  0.216 -0.872   0.824 -0.009  0.695   0.019 -0.012  0.160
-23.062 -19.606 -26.456  -0.524  0.220 -0.860   0.824 -0.009  0.695   0.031 -0.011  0.164
-23.161 -19.650 -26.469  -0.504  0.216 -0.852   0.824 -0.009  0.695   0.026  0.002  0.166
-23.261 -19.733 -26.476  -0.508  0.204 -0.848   0.824 -0.009  0.695   0.005 -0.014  0.155
-23.346 -19.768 -26.457  -0.504  0.212 -0.876   0.837 -0.003  0.701  -0.010 -0.006  0.155
-23.471 -19.780 -26.494  -0.504  0.220 -0.868   0.837 -0.003  0.701  -0.008 -0.006  0.150
-23.621 -19.789 -26.605  -0.500  0.220 -0.844   0.837 -0.003  0.701  -0.005 -0.009  0.126
-23.763 -19.821 -26.634  -0.496  0.224 -0.848   0.850 -0.023  0.718  -0.020 -0.024  0.132
-23.839 -19.921 -26.584  -0.500  0.204 -0.848   0.850 -0.023  0.718  -0.020 -0.031  0.137
-23.878 -20.027 -26.504  -0.492  0.204 -0.848   0.850 -0.023  0.718   0.003 -0.038  0.142
-23.960 -20.137 -26.454  -0.488  0.212 -0.840   0.829 -0.026  0.692  -0.003 -0.062  0.132
-24.087 -20.271 -26.449  -0.504  0.212 -0.840   0.829 -0.026  0.692  -0.016 -0.080  0.137
-24.195 -20.396 -26.445  -0.516  0.212 -0.852   0.829 -0.026  0.692  -0.014 -0.063  0.132
-24.315 -20.480 -26.491  -0.524  0.220 -0.856   0.829 -0.026  0.692  -0.010 -0.040  0.121
-24.412 -20.532 -26.504  -0.528  0.216 -0.860   0.850 -0.023  0.701  -0.025 -0.005  0.132
-24.476 -20.542 -26.485  -0.512  0.216 -0.856   0.850 -0.023  0.701  -0.026  0.019  0.131
-24.502 -20.572 -26.461  -0.516  0.212 -0.860   0.850 -0.023  0.701  -0.009  0.022  0.115
-24.521 -20.629 -26.339  -0.508  0.220 -0.856   0.863 -0.052  0.712  -0.021  0.013  0.114
-24.564 -20.678 -26.253  -0.512  0.228 -0.860   0.863 -0.052  0.712  -0.015  0.004  0.116
-24.565 -20.764 -26.138  -0.516  0.216 -0.860   0.863 -0.052  0.712  -0.013  0.004  0.105
-24.569 -20.797 -26.089  -0.508  0.216 -0.852   0.835 -0.035  0.690   0.006  0.021  0.112
-24.561 -20.821 -26.021  -0.512  0.212 -0.860   0.835 -0.035  0.690  -0.011  0.036  0.110
-24.586 -20.815 -26.043  -0.512  0.224 -0.848   0.835 -0.035  0.690   0.014  0.041  0.095
-24.569 -20.834 -26.014  -0.492  0.216 -0.840   0.835 -0.035  0.690   0.022  0.022  0.086
-24.559 -20.906 -25.993  -0.500  0.204 -0.836   0.853 -0.035  0.709   0.007  0.000  0.078
-24.592 -20.960 -26.024  -0.500  0.212 -0.840   0.853 -0.035  0.709  -0.004 -0.013  0.061
-24.591 -21.091 -26.035  -0.516  0.200 -0.848   0.853 -0.035  0.709   0.005 -0.035  0.048
-24.566 -21.204 -26.010  -0.500  0.208 -0.844   0.855 -0.046  0.714   0.022 -0.034  0.038
-24.569 -21.331 -26.046  -0.516  0.208 -0.840   0.855 -0.046  0.714   0.025 -0.034  0.027
-24.604 -21.447 -26.095  -0.520  0.212 -0.848   0.855 -0.046  0.714   0.007 -0.044  0.028
-24.635 -21.563 -26.177  -0.516  0.208 -0.844   0.837 -0.032  0.688   0.017 -0.055  0.018
-24.720 -21.631 -26.335  -0.520  0.224 -0.848   0.837 -0.032  0.688   0.018 -0.052  0.007
-24.814 -21.715 -26.512  -0.524  0.220 -0.844   0.837 -0.032  0.688   0.011 -0.061 -0.006
-24.886 -21.778 -26.701  -0.528  0.220 -0.840   0.837 -0.032  0.688   0.026 -0.033 -0.016
-24.966 -21.862 -26.919  -0.540  0.216 -0.852   0.858 -0.026  0.705   0.019 -0.049 -0.031
-25.062 -21.945 -27.145  -0.536  0.216 -0.844   0.858 -0.026  0.705   0.016 -0.058 -0.033
-25.143 -22.031 -27.331  -0.524  0.208 -0.836   0.858 -0.026  0.705  -0.002 -0.062 -0.037
-25.229 -22.129 -27.498  -0.516  0.212 -0.828   0.855 -0.035  0.703  -0.000 -0.079 -0.044
-25.294 -22.217 -27.701  -0.536  0.228 -0.856   0.855 -0.035  0.703   0.047 -0.068 -0.053
-25.211 -22.266 -27.909  -0.608  0.260 -0.944   0.855 -0.035  0.703   0.178  0.020 -0.073
-24.867 -21.982 -28.143  -0.752  0.300 -1.096   0.835  0.003  0.688   0.345  0.384  0.004
-23.844 -20.991 -27.795  -0.968  0.364 -1.428   0.835  0.003  0.688   0.482  1.211  0.236
-22.051 -18.717 -26.518  -1.156  0.384 -1.760   0.835  0.003  0.688   0.404  2.438  0.583
-19.796 -15.591 -24.869  -1.040  0.400 -1.848   0.835  0.003  0.688   0.513  3.275  0.859
-17.032 -12.323 -23.117  -0.828  0.436 -1.920   0.708  0.020  0.763   0.979  3.559  0.947
-14.050 -9.271 -21.456  -0.644  0.344 -1.876   0.708  0.020  0.763   1.357  3.435  0.962
-11.363 -6.274 -19.575  -0.432  0.228 -1.828   0.708  0.020  0.763   1.107  3.287  1.101
-9.740 -3.294 -18.294  -0.232  0.188 -1.732   0.452  0.052  0.833   0.426  2.829  1.141
-8.858 -0.919 -17.099  -0.100  0.196 -1.600   0.452  0.052  0.833   0.068  2.104  1.117
-8.454  0.715 -15.903  -0.012  0.156 -1.476   0.452  0.052  0.833  -0.142  1.361  1.051
-8.510  2.018 -14.928   0.016  0.136 -1.356   0.331  0.038  0.836  -0.439  0.987  0.968
-8.905  3.132 -14.122   0.024  0.168 -1.240   0.331  0.038  0.836  -0.615  0.768  0.966
-9.002  3.947 -13.522   0.040  0.196 -1.108   0.331  0.038  0.836  -0.241  0.556  0.938
-8.581  4.337 -13.108   0.036  0.164 -0.904   0.331  0.038  0.836   0.283  0.318  0.834
-7.969  4.584 -12.757   0.036  0.136 -0.716   0.320 -0.003  0.874   0.504  0.247  0.694
-7.248  4.824 -12.587   0.024  0.088 -0.496   0.320 -0.003  0.874   0.595  0.287  0.517
-6.368  5.085 -12.908   0.024  0.060 -0.276   0.320 -0.003  0.874   0.810  0.258  0.181
-5.447  5.198 -14.035   0.012  0.040 -0.124   0.295  0.035  0.878   1.037  0.036 -0.076
-4.982  5.574 -15.486   0.012  0.032 -0.052   0.295  0.035  0.878   0.945 -0.159 -0.268
-4.624  5.955 -16.758   0.024  0.032 -0.052   0.295  0.035  0.878   0.822 -0.398 -0.467
-3.962  6.258 -17.512   0.028  0.008 -0.036   0.326  0.121  0.861   0.618 -0.670 -0.622
-3.401  6.522 -18.155   0.024  0.004 -0.024   0.326  0.121  0.861   0.512 -0.901 -0.681
-3.238  6.103 -19.120   0.008  0.004 -0.016   0.326  0.121  0.861   0.469 -1.041 -0.676
-4.524  5.771 -21.192  -0.008  0.016 -0.004   0.326  0.121  0.861   0.526 -0.950 -0.641
-5.796  5.567 -22.501  -0.012  0.024  0.012   0.413  0.194  0.865   0.656 -0.757 -0.615
-6.761  5.175 -23.994  -0.028  0.024  0.012   0.413  0.194  0.865   0.782 -0.580 -0.564
-7.614  5.072 -25.341  -0.028  0.032  0.016   0.413  0.194  0.865   0.911 -0.391 -0.492
-8.301  4.870 -26.323  -0.032  0.028  0.024   0.429  0.257  0.838   0.995 -0.257 -0.287
-8.835  4.692 -27.212  -0.036  0.024  0.016   0.429  0.257  0.838   1.077 -0.135 -0.026
-9.159  4.470 -27.846  -0.036  0.016  0.016   0.429  0.257  0.838   1.115 -0.029  0.178
-9.681  4.661 -28.414  -0.040  0.028  0.008   0.421  0.367  0.793   1.053  0.239  0.436
-9.765  5.005 -29.870  -0.084 -0.048 -0.144   0.421  0.367  0.793  -0.211  0.853  0.622
-12.194  8.965 -27.137  -0.212 -0.324 -0.340   0.421  0.367  0.793  -4.171  1.844  0.810
-16.669 13.460 -23.976  -0.140 -0.260 -0.480   0.421  0.367  0.793  -6.411  2.184  0.696
-21.269 18.110 -22.027  -0.084  0.084 -0.672   0.302  0.038  0.878  -5.603  2.542  1.046
-23.049 21.311 -21.684   0.044  0.372 -0.832   0.302  0.038  0.878  -2.551  1.878  0.514
-22.292 22.433 -22.015   0.220  0.576 -0.964   0.302  0.038  0.878   0.129  0.768  0.490
-18.045 20.732 -23.537   0.320  0.604 -1.092   0.171 -0.078  0.870   3.623 -0.389  0.409
-12.990 17.080 -24.935   0.216  0.400 -1.192   0.171 -0.078  0.870   4.620 -1.154  0.332
-10.557 14.160 -24.214   0.152  0.044 -1.368   0.171 -0.078  0.870   2.558 -1.144 -0.005
-11.029 12.940 -23.704   0.100 -0.176 -1.504   0.269  0.168  0.827  -0.630 -0.945 -0.125
-13.303 12.471 -23.756   0.068 -0.144 -1.648   0.269  0.168  0.827  -2.276 -0.965 -0.756
-16.465 12.390 -24.316   0.048  0.028 -1.740   0.269  0.168  0.827  -3.006 -1.053 -0.865
-19.150 12.187 -25.562   0.008  0.208 -1.824   0.269  0.168  0.827  -2.483 -1.133 -0.997
-21.079 11.344 -25.802  -0.020  0.332 -1.880   0.346 -0.052  0.861  -1.587 -1.171 -0.915
-21.846 10.305 -26.336  -0.124  0.468 -1.912   0.346 -0.052  0.861  -0.542 -0.966 -0.553
-20.856  9.589 -26.284  -0.240  0.520 -1.936   0.346 -0.052  0.861   1.041 -0.183  0.195
-18.404  9.162 -26.024  -0.260  0.480 -1.944   0.372 -0.026  0.838   2.059  0.597  0.575
-15.417  8.725 -25.497  -0.232  0.352 -1.928   0.372 -0.026  0.838   2.129  1.022  0.832
-13.195  8.953 -24.234  -0.172  0.180 -1.884   0.372 -0.026  0.838   1.223  1.305  0.891
-12.377  9.971 -23.424  -0.096  0.092 -1.808   0.289  0.069  0.835  -0.157  1.294  0.817
-12.613 11.060 -22.520  -0.024  0.112 -1.720   0.289  0.069  0.835  -0.958  0.967  0.742
-13.187 11.742 -21.870   0.044  0.172 -1.628   0.289  0.069  0.835  -0.995  0.456  0.546
-13.528 11.944 -21.602   0.060  0.232 -1.548   0.289  0.069  0.835  -0.634  0.121  0.432
-13.307 11.452 -21.335   0.080  0.284 -1.460   0.269 -0.023  0.872   0.121 -0.244  0.318
-12.422 10.356 -21.415   0.076  0.272 -1.376   0.269 -0.023  0.872   0.812 -0.515  0.143
-11.343  9.096 -21.421   0.048  0.204 -1.288   0.269 -0.023  0.872   1.048 -0.573  0.089
-10.551  8.069 -21.437   0.004  0.124 -1.160   0.302  0.035  0.852   0.694 -0.446  0.094
-10.234  7.366 -21.305  -0.008  0.072 -1.020   0.302  0.035  0.852   0.180 -0.310  0.006
-10.208  7.079 -21.455  -0.008  0.084 -0.872   0.302  0.035  0.852  -0.121 -0.099 -0.136
-9.927  6.974 -22.075  -0.012  0.112 -0.744   0.331  0.064  0.848   0.133  0.078 -0.202
-9.463  6.834 -22.653  -0.008  0.080 -0.620   0.331  0.064  0.848   0.260  0.125 -0.257
-9.066  6.731 -23.217  -0.012  0.056 -0.504   0.331  0.064  0.848   0.176  0.169 -0.316
-8.761  6.808 -24.066  -0.016  0.052 -0.360   0.331  0.064  0.848   0.119  0.294 -0.404
-8.439  7.130 -25.665  -0.016  0.056 -0.212   0.302  0.075  0.880   0.279  0.395 -0.454
-7.979  7.380 -27.087  -0.004  0.032 -0.128   0.302  0.075  0.880   0.367  0.377 -0.507
-7.713  7.998 -28.250   0.016  0.032 -0.080   0.302  0.075  0.880   0.283  0.199 -0.595
-7.447  8.908 -29.109   0.024  0.020 -0.040   0.274  0.095  0.865   0.255 -0.080 -0.682
-7.897 10.140 -30.294   0.016  0.028 -0.016   0.274  0.095  0.865   0.279 -0.363 -0.683
-8.359 11.013 -31.495   0.012  0.024 -0.016   0.274  0.095  0.865   0.361 -0.524 -0.655
-9.019 10.741 -33.877  -0.016  0.028 -0.040   0.307  0.150  0.863   0.425 -0.473 -0.541
-8.578  9.463 -35.205  -0.044 -0.012 -0.160   0.307  0.150  0.863   0.375 -0.085 -0.419
-8.569  9.704 -33.578  -0.048 -0.100 -0.316   0.307  0.150  0.863  -0.862  0.345 -0.368
-9.356 10.685 -33.413  -0.024 -0.020 -0.432   0.307  0.150  0.863  -1.552  0.593 -0.356
-10.381 12.356 -34.141   0.008  0.164 -0.552   0.266  0.095  0.882  -1.391  0.638 -0.210
-10.178 12.888 -34.651   0.024  0.132 -0.688   0.266  0.095  0.882  -0.292  0.512 -0.202
-10.390 13.291 -34.729   0.056  0.112 -0.816   0.266  0.095  0.882  -0.599  0.223 -0.199
-10.583 13.272 -34.719   0.076  0.180 -0.896   0.212  0.023  0.859  -0.286 -0.088 -0.106
-10.049 12.464 -35.064   0.084  0.240 -0.996   0.212  0.023  0.859   0.675 -0.339 -0.127
-8.886 11.081 -35.211   0.064  0.184 -1.116   0.212  0.023  0.859   1.236 -0.327 -0.075
-7.840  9.938 -35.389   0.032  0.068 -1.236   0.240  0.116  0.853   0.889 -0.178 -0.142
-7.761  9.795 -35.318   0.036  0.036 -1.324   0.240  0.116  0.853  -0.231  0.042 -0.219
-8.275 10.096 -35.274   0.072  0.092 -1.396   0.240  0.116  0.853  -0.764  0.002 -0.213
-8.794 10.269 -35.196   0.076  0.164 -1.464   0.225  0.066  0.868  -0.656 -0.090 -0.187
-9.106 10.230 -35.275   0.068  0.196 -1.536   0.225  0.066  0.868  -0.389 -0.135 -0.193
-9.237  9.950 -35.392   0.084  0.220 -1.580   0.225  0.066  0.868  -0.136 -0.254 -0.186
-9.145  9.328 -35.540   0.096  0.248 -1.628   0.225  0.066  0.868   0.220 -0.415 -0.149
-9.026  8.511 -35.471   0.068  0.232 -1.656   0.240  0.052  0.842   0.334 -0.494 -0.094
-9.005  7.754 -35.125   0.048  0.208 -1.692   0.240  0.052  0.842   0.220 -0.494  0.100
-9.114  7.303 -34.526   0.016  0.184 -1.668   0.240  0.052  0.842  -0.042 -0.327  0.316
-9.164  7.097 -33.916  -0.008  0.188 -1.640   0.287  0.084  0.852  -0.112 -0.122  0.441
-8.966  7.180 -33.336  -0.020  0.196 -1.592   0.287  0.084  0.852  -0.055  0.207  0.520
-8.530  7.402 -32.769   0.000  0.196 -1.540   0.287  0.084  0.852   0.066  0.405  0.535
-7.975  7.616 -32.155   0.012  0.200 -1.472   0.261  0.055  0.867   0.185  0.457  0.574
-7.367  7.795 -31.545   0.028  0.184 -1.408   0.261  0.055  0.867   0.249  0.456  0.544
-6.777  7.898 -30.949   0.032  0.152 -1.344   0.261  0.055  0.867   0.259  0.408  0.463
-6.331  7.984 -30.399   0.052  0.136 -1.276   0.261  0.055  0.867   0.169  0.318  0.354
-6.002  8.041 -30.038   0.056  0.116 -1.192   0.230  0.069  0.853   0.086  0.228  0.299
-5.913  8.071 -29.721   0.052  0.108 -1.116   0.230  0.069  0.853  -0.074  0.110  0.244
-5.922  8.137 -29.452   0.068  0.112 -1.024   0.230  0.069  0.853  -0.135  0.059  0.205
-5.912  8.209 -29.384   0.060  0.124 -0.928   0.238  0.072  0.868  -0.083  0.063  0.145
-5.777  8.259 -29.537   0.052  0.124 -0.824   0.238  0.072  0.868   0.047  0.092  0.043
-5.431  8.233 -29.773   0.044  0.108 -0.712   0.238  0.072  0.868   0.243  0.131  0.000
-4.884  8.180 -30.123   0.040  0.088 -0.620   0.222  0.075  0.880   0.394  0.196 -0.059
-4.306  8.139 -30.675   0.020  0.080 -0.552   0.222  0.075  0.880   0.430  0.270 -0.136
-3.748  8.153 -31.165   0.020  0.064 -0.492   0.222  0.075  0.880   0.381  0.320 -0.178
-3.197  8.209 -31.442   0.016  0.036 -0.412   0.222  0.075  0.880   0.298  0.390 -0.202
-2.795  8.346 -32.095   0.008  0.024 -0.352   0.194  0.113  0.857   0.110  0.401 -0.274
-2.600  8.650 -32.521   0.028  0.020 -0.316   0.194  0.113  0.857  -0.109  0.334 -0.370
-2.571  8.948 -33.023   0.032  0.024 -0.296   0.194  0.113  0.857  -0.190  0.213 -0.429
-2.752  9.111 -33.818   0.032  0.036 -0.336   0.165  0.121  0.880  -0.258  0.025 -0.424
-3.090  9.257 -34.614   0.040  0.056 -0.380   0.165  0.121  0.880  -0.300 -0.101 -0.362
-3.348  9.363 -35.417   0.032  0.076 -0.444   0.165  0.121  0.880  -0.214 -0.069 -0.227
-3.349  9.304 -36.110   0.016  0.084 -0.516   0.160  0.084  0.874   0.033  0.019 -0.076
-3.158  9.243 -36.697   0.016  0.096 -0.596   0.160  0.084  0.874   0.160  0.116  0.027
-2.947  9.217 -37.044   0.020  0.096 -0.676   0.160  0.084  0.874   0.135  0.169  0.111
-2.675  9.264 -37.299   0.036  0.092 -0.756   0.150  0.107  0.852   0.102  0.226  0.180
-2.437  9.383 -37.383   0.040  0.080 -0.856   0.150  0.107  0.852  -0.002  0.286  0.202
-2.288  9.634 -37.412   0.052  0.092 -0.932   0.150  0.107  0.852  -0.119  0.323  0.219
-2.198  9.948 -37.467   0.064  0.116 -1.000   0.150  0.107  0.852  -0.164  0.323  0.226
-2.058 10.235 -37.673   0.088  0.140 -1.080   0.121  0.107  0.867  -0.110  0.287  0.222
-1.861 10.325 -37.764   0.116  0.140 -1.148   0.121  0.107  0.867   0.024  0.170  0.211
-1.727 10.218 -37.716   0.136  0.128 -1.204   0.121  0.107  0.867   0.069 -0.001  0.208
-1.758 10.014 -37.562   0.148  0.132 -1.272   0.111  0.090  0.863   0.018 -0.152  0.209
-1.880  9.755 -37.357   0.144  0.128 -1.332   0.111  0.090  0.863  -0.026 -0.228  0.242
-2.145  9.435 -37.119   0.136  0.132 -1.380   0.111  0.090  0.863  -0.096 -0.341  0.296
-2.587  9.107 -36.843   0.120  0.132 -1.416   0.111  0.090  0.863  -0.223 -0.430  0.363
-3.138  8.819 -36.373   0.104  0.152 -1.444   0.152  0.098  0.840  -0.297 -0.446  0.476
-3.622  8.562 -35.896   0.104  0.172 -1.456   0.152  0.098  0.840  -0.258 -0.414  0.566
-3.858  8.202 -35.438   0.076  0.172 -1.456   0.152  0.098  0.840  -0.046 -0.350  0.677
-3.906  7.804 -34.678   0.036  0.164 -1.448   0.189  0.075  0.863   0.101 -0.204  0.754
-3.864  7.624 -33.956   0.040  0.160 -1.424   0.189  0.075  0.863   0.068 -0.036  0.772
-3.783  7.561 -33.284   0.040  0.160 -1.384   0.189  0.075  0.863   0.050  0.059  0.770
-3.646  7.532 -32.529   0.044  0.156 -1.384   0.189  0.061  0.859   0.078  0.118  0.761
-3.535  7.543 -31.855   0.044  0.152 -1.332   0.189  0.061  0.859   0.048  0.132  0.717
-3.488  7.608 -31.156   0.056  0.132 -1.280   0.189  0.061  0.859  -0.036  0.136  0.659
-3.494  7.713 -30.531   0.064  0.136 -1.220   0.189  0.061  0.859  -0.076  0.126  0.624
-3.451  7.768 -30.196   0.060  0.136 -1.172   0.196  0.090  0.852  -0.021  0.098  0.549
-3.361  7.741 -29.872   0.056  0.116 -1.108   0.196  0.090  0.852   0.029  0.066  0.495
-3.316  7.693 -29.602   0.052  0.104 -1.056   0.196  0.090  0.852   0.001  0.038  0.445
-3.338  7.655 -29.102   0.068  0.100 -1.004   0.212  0.064  0.874  -0.033  0.006  0.402
-3.382  7.622 -28.692   0.068  0.104 -0.940   0.212  0.064  0.874  -0.033 -0.014  0.379
-3.419  7.575 -28.434   0.052  0.108 -0.884   0.212  0.064  0.874  -0.006 -0.007  0.354
-3.482  7.559 -28.204   0.040  0.108 -0.808   0.209  0.043  0.868  -0.015  0.024  0.315
-3.489  7.560 -27.981   0.032  0.092 -0.760   0.209  0.043  0.868  -0.003  0.078  0.285
-3.375  7.592 -27.882   0.036  0.096 -0.704   0.209  0.043  0.868   0.103  0.126  0.244
-3.127  7.626 -27.931   0.036  0.084 -0.648   0.209  0.064  0.865   0.190  0.170  0.197
-2.850  7.697 -27.973   0.040  0.076 -0.612   0.212  0.064  0.865   0.196  0.203  0.142
-2.636  7.842 -28.034   0.044  0.076 -0.584   0.212  0.064  0.865   0.132  0.214  0.116
-2.501  7.961 -27.872   0.052  0.052 -0.576   0.212  0.064  0.865   0.031  0.173  0.077
-2.497  8.046 -27.908   0.048  0.048 -0.568   0.191  0.075  0.882  -0.075  0.099  0.011
-2.640  8.098 -27.858   0.056  0.044 -0.572   0.191  0.075  0.882  -0.182 -0.002 -0.007
-2.887  8.104 -27.867   0.060  0.056 -0.608   0.191  0.075  0.882  -0.226 -0.089  0.001
-3.234  8.091 -27.712   0.080  0.076 -0.644   0.189  0.046  0.870  -0.241 -0.187  0.034
-3.513  7.917 -27.668   0.064  0.092 -0.684   0.189  0.046  0.870  -0.118 -0.248  0.108
-3.626  7.662 -27.656   0.052  0.100 -0.732   0.189  0.046  0.870   0.036 -0.220  0.181
-3.649  7.431 -27.603   0.056  0.112 -0.784   0.212  0.061  0.853   0.103 -0.168  0.238
-3.639  7.236 -27.517   0.056  0.116 -0.852   0.212  0.061  0.853   0.110 -0.130  0.263
-3.649  7.079 -27.311   0.056  0.100 -0.896   0.212  0.061  0.853   0.041 -0.095  0.268
-3.744  7.008 -27.007   0.068  0.096 -0.948   0.212  0.061  0.853  -0.071 -0.077  0.276
-3.892  7.013 -26.712   0.076  0.116 -1.008   0.222  0.055  0.876  -0.118 -0.050  0.274
-4.047  7.038 -26.410   0.088  0.120 -1.056   0.222  0.055  0.876  -0.137 -0.051  0.261
-4.193  7.033 -26.157   0.100  0.136 -1.096   0.222  0.055  0.876  -0.105 -0.090  0.257
-4.315  6.905 -25.661   0.116  0.132 -1.160   0.222  0.029  0.865  -0.047 -0.172  0.270
-4.406  6.709 -25.189   0.124  0.136 -1.196   0.222  0.029  0.865  -0.000 -0.227  0.260
-4.524  6.441 -24.704   0.112  0.132 -1.216   0.222  0.029  0.865  -0.006 -0.278  0.286
-4.684  6.201 -24.116   0.104  0.120 -1.244   0.253  0.038  0.852  -0.072 -0.257  0.325
-4.910  6.038 -23.572   0.092  0.136 -1.260   0.253  0.038  0.852  -0.140 -0.216  0.374
-5.112  5.906 -23.007   0.088  0.140 -1.276   0.253  0.038  0.852  -0.136 -0.183  0.429
-5.237  5.768 -22.405   0.084  0.140 -1.284   0.253  0.038  0.852  -0.080 -0.161  0.492
-5.293  5.668 -21.635   0.084  0.144 -1.276   0.271  0.014  0.878  -0.026 -0.099  0.531
-4.943  5.507 -20.921   0.076  0.140 -1.268   0.271  0.014  0.878   0.316 -0.012  0.542
-4.876  5.500 -20.206   0.084  0.132 -1.248   0.271  0.014  0.878   0.045  0.011  0.511
-4.806  5.459 -19.472   0.092  0.124 -1.212   0.269  0.006  0.857   0.058 -0.024  0.470
-4.838  5.412 -18.856   0.096  0.132 -1.172   0.269  0.006  0.857  -0.003 -0.075  0.424
-4.968  5.390 -18.328   0.096  0.132 -1.132   0.269  0.006  0.857  -0.085 -0.090  0.373
-5.101  5.377 -17.817   0.092  0.124 -1.088   0.297  0.009  0.861  -0.097 -0.080  0.338
-5.197  5.354 -17.390   0.084  0.124 -1.060   0.297  0.009  0.861  -0.064 -0.072  0.305
-5.233  5.326 -17.038   0.080  0.120 -1.028   0.297  0.009  0.861  -0.016 -0.058  0.260
-5.245  5.284 -16.742   0.068  0.112 -0.984   0.297  0.009  0.861  -0.000 -0.049  0.226
-5.249  5.224 -16.316   0.064  0.108 -0.960   0.292 -0.020  0.878   0.017 -0.042  0.211
-5.229  5.184 -15.991   0.068  0.112 -0.916   0.292 -0.020  0.878   0.050 -0.040  0.176
-5.224  5.190 -15.687   0.064  0.108 -0.888   0.292 -0.020  0.878   0.025 -0.002  0.155
-5.256  5.231 -15.469   0.056  0.112 -0.868   0.295 -0.023  0.861  -0.000  0.032  0.115
-5.264  5.307 -15.278   0.056  0.104 -0.828   0.295 -0.023  0.861   0.006  0.064  0.082
-5.180  5.383 -15.061   0.048  0.084 -0.788   0.295 -0.023  0.861   0.048  0.109  0.039
-5.060  5.477 -15.069   0.044  0.088 -0.756   0.295 -0.006  0.865   0.088  0.125 -0.001
-4.932  5.634 -15.133   0.052  0.092 -0.744   0.295 -0.006  0.865   0.096  0.159 -0.034
-4.792  5.808 -15.241   0.052  0.092 -0.740   0.295 -0.006  0.865   0.106  0.182 -0.070
-4.636  5.997 -15.400   0.052  0.092 -0.732   0.295 -0.006  0.865   0.122  0.203 -0.111
-4.479  6.149 -15.542   0.056  0.080 -0.732   0.284 -0.003  0.882   0.103  0.174 -0.144
-4.357  6.303 -15.582   0.076  0.072 -0.760   0.284 -0.003  0.882   0.058  0.137 -0.158
-4.314  6.403 -15.644   0.080  0.076 -0.784   0.284 -0.003  0.882   0.011  0.075 -0.177
-4.301  6.454 -15.718   0.088  0.084 -0.816   0.258 -0.006  0.865   0.008  0.016 -0.164
-4.324  6.441 -15.827   0.088  0.096 -0.844   0.258 -0.006  0.865   0.008 -0.042 -0.147
-4.358  6.370 -15.944   0.076  0.100 -0.868   0.258 -0.006  0.865   0.013 -0.064 -0.127
-4.332  6.292 -16.198   0.080  0.104 -0.908   0.269  0.023  0.865   0.051 -0.074 -0.114
-4.276  6.204 -16.453   0.072  0.108 -0.940   0.269  0.023  0.865   0.080 -0.057 -0.098
-4.195  6.159 -16.654   0.072  0.104 -0.960   0.269  0.023  0.865   0.083 -0.011 -0.084
-4.136  6.167 -16.849   0.072  0.108 -0.992   0.269  0.023  0.865   0.056  0.032 -0.082
-4.093  6.231 -17.052   0.080  0.120 -1.016   0.261  0.017  0.876   0.045  0.061 -0.076
-4.036  6.291 -17.195   0.080  0.116 -1.052   0.261  0.017  0.876   0.046  0.072 -0.060
-3.981  6.326 -17.282   0.092  0.116 -1.080   0.261  0.017  0.876   0.048  0.039 -0.046
-3.934  6.344 -17.370   0.072  0.116 -1.112   0.253  0.012  0.852   0.042  0.066 -0.059
-3.893  6.432 -17.478   0.084  0.128 -1.128   0.253  0.012  0.852   0.036  0.102 -0.053
-3.752  6.478 -17.233   0.084  0.064 -1.140   0.253  0.012  0.852   0.040  0.120 -0.022
-3.702  6.587 -17.256   0.100  0.124 -1.140   0.253  0.012  0.852   0.037  0.107 -0.017
-3.685  6.666 -17.273   0.092  0.132 -1.156   0.253  0.012  0.852   0.025  0.089  0.024
-3.690  6.787 -17.216   0.104  0.128 -1.156   0.253  0.012  0.852  -0.008  0.104  0.051
-3.662  6.881 -17.104   0.092  0.120 -1.148   0.253  0.012  0.852   0.014  0.115  0.093
-3.595  6.972 -17.202   0.084  0.128 -1.140   0.233  0.026  0.870   0.047  0.119  0.100
-3.504  7.022 -17.244   0.096  0.120 -1.128   0.233  0.026  0.870   0.070  0.078  0.097
-3.448  7.014 -17.286   0.100  0.116 -1.112   0.233  0.026  0.870   0.055  0.016  0.073
-3.417  6.975 -17.355   0.100  0.116 -1.096   0.222  0.026  0.852   0.045 -0.019  0.066
-3.389  6.894 -17.413   0.088  0.104 -1.072   0.222  0.026  0.852   0.042 -0.035  0.045
-3.393  6.843 -17.518   0.076  0.104 -1.044   0.222  0.026  0.852   0.013 -0.007  0.032
-3.428  6.848 -17.640   0.076  0.100 -1.024   0.238  0.038  0.859  -0.033  0.026  0.032
-3.453  6.878 -17.812   0.068  0.104 -0.996   0.238  0.038  0.859  -0.022  0.055  0.031
-3.414  6.903 -18.037   0.068  0.108 -0.964   0.238  0.038  0.859   0.042  0.061  0.016
-3.383  6.928 -18.329   0.064  0.116 -0.940   0.238  0.038  0.859   0.055  0.058  0.007
-3.355  6.989 -18.601   0.076  0.116 -0.920   0.225  0.029  0.882   0.048  0.061 -0.010
-3.328  7.026 -18.816   0.068  0.100 -0.912   0.225  0.029  0.882   0.028  0.068 -0.032
-3.294  7.073 -19.015   0.068  0.096 -0.892   0.225  0.029  0.882   0.028  0.078 -0.038
-3.255  7.112 -19.165   0.064  0.084 -0.872   0.220  0.029  0.850   0.017  0.086 -0.054
-3.244  7.164 -19.395   0.056  0.092 -0.868   0.220  0.029  0.850   0.006  0.100 -0.061
-3.218  7.252 -19.630   0.068  0.096 -0.852   0.220  0.029  0.850   0.018  0.107 -0.075
-3.140  7.332 -20.111   0.064  0.100 -0.844   0.222  0.058  0.870   0.056  0.104 -0.093
-3.048  7.383 -20.545   0.060  0.092 -0.832   0.222  0.058  0.870   0.064  0.099 -0.093
-2.960  7.473 -20.942   0.076  0.096 -0.844   0.222  0.058  0.870   0.057  0.102 -0.106
-2.901  7.554 -21.383   0.076  0.104 -0.852   0.222  0.058  0.870   0.050  0.086 -0.123
-2.869  7.616 -21.746   0.076  0.104 -0.880   0.199  0.038  0.870   0.033  0.077 -0.126
-2.852  7.652 -22.059   0.076  0.100 -0.900   0.199  0.038  0.870   0.017  0.061 -0.127
-2.853  7.660 -22.337   0.076  0.100 -0.920   0.199  0.038  0.870   0.008  0.039 -0.116
-2.835  7.677 -22.630   0.088  0.104 -0.940   0.209  0.055  0.855   0.019  0.026 -0.093
-2.799  7.698 -22.871   0.096  0.104 -0.956   0.209  0.055  0.855   0.030  0.026 -0.081
-2.758  7.667 -23.059   0.080  0.092 -0.972   0.209  0.055  0.855   0.028  0.025 -0.065
-2.758  7.668 -23.272   0.084  0.108 -0.988   0.209  0.055  0.855   0.009  0.025 -0.034
-2.764  7.671 -23.653   0.080  0.116 -1.020   0.194  0.069  0.868  -0.003  0.019 -0.017
-2.777  7.693 -24.015   0.080  0.120 -1.024   0.194  0.069  0.868  -0.010  0.030  0.001
-2.789  7.697 -24.301   0.080  0.116 -1.044   0.194  0.069  0.868  -0.014  0.022  0.033
-2.826  7.680 -24.351   0.084  0.116 -1.056   0.183  0.038  0.865  -0.014  0.009  0.060
-2.842  7.653 -24.385   0.092  0.124 -1.072   0.183  0.038  0.865   0.016 -0.007  0.087
-2.852  7.604 -24.358   0.092  0.116 -1.072   0.183  0.038  0.865   0.017 -0.019  0.100
-2.880  7.556 -24.379   0.096  0.120 -1.064   0.186  0.049  0.850   0.006 -0.042  0.123
-2.947  7.497 -24.371   0.088  0.116 -1.076   0.186  0.049  0.850  -0.031 -0.050  0.143
-3.038  7.462 -24.368   0.092  0.124 -1.072   0.186  0.049  0.850  -0.047 -0.053  0.162
-3.115  7.447 -24.389   0.096  0.132 -1.060   0.186  0.049  0.850  -0.031 -0.049  0.172
-3.170  7.414 -24.399   0.092  0.124 -1.052   0.207  0.066  0.876  -0.024 -0.051  0.198
-3.185  7.346 -24.352   0.096  0.112 -1.040   0.207  0.066  0.876   0.003 -0.067  0.191
-3.206  7.270 -24.309   0.088  0.108 -1.032   0.207  0.066  0.876  -0.003 -0.067  0.195
-3.246  7.197 -24.194   0.084  0.108 -1.024   0.199  0.049  0.868  -0.010 -0.061  0.194
-3.294  7.165 -24.066   0.096  0.116 -1.020   0.199  0.049  0.868  -0.017 -0.058  0.216
-3.374  7.113 -23.930   0.084  0.108 -0.996   0.199  0.049  0.868  -0.047 -0.069  0.225
-3.466  7.106 -23.751   0.088  0.112 -0.984   0.214  0.049  0.855  -0.060 -0.045  0.228
-3.524  7.111 -23.565   0.088  0.108 -0.960   0.214  0.049  0.855  -0.042 -0.029  0.232
-3.557  7.058 -23.441   0.076  0.108 -0.952   0.214  0.049  0.855  -0.004 -0.047  0.221
-3.596  6.970 -23.339   0.080  0.108 -0.940   0.214  0.049  0.855   0.006 -0.089  0.199
-3.643  6.884 -23.286   0.076  0.104 -0.920   0.225  0.058  0.878  -0.006 -0.091  0.183
-3.715  6.773 -23.246   0.072  0.100 -0.912   0.225  0.058  0.878  -0.024 -0.110  0.162
-3.816  6.671 -23.284   0.060  0.104 -0.912   0.225  0.058  0.878  -0.043 -0.097  0.151
-3.907  6.570 -23.053   0.064  0.092 -0.904   0.222  0.029  0.874  -0.047 -0.088  0.153
-4.009  6.502 -22.911   0.064  0.104 -0.912   0.222  0.029  0.874  -0.049 -0.075  0.145
-4.066  6.426 -22.722   0.068  0.096 -0.916   0.222  0.029  0.874  -0.027 -0.072  0.139
-4.094  6.362 -22.570   0.072  0.100 -0.916   0.238  0.038  0.859  -0.002 -0.066  0.133
-4.108  6.315 -22.455   0.072  0.104 -0.928   0.238  0.038  0.859   0.008 -0.050  0.123
-4.115  6.288 -22.326   0.080  0.104 -0.944   0.238  0.038  0.859   0.005 -0.045  0.116
-4.107  6.253 -22.222   0.076  0.096 -0.952   0.240  0.046  0.880   0.001 -0.039  0.116
-4.120  6.246 -22.141   0.088  0.104 -0.956   0.240  0.046  0.880  -0.011 -0.050  0.108
-4.140  6.223 -22.101   0.080  0.108 -0.964   0.240  0.046  0.880  -0.006 -0.050  0.108
-4.144  6.207 -22.063   0.080  0.108 -0.972   0.240  0.046  0.880   0.001 -0.040  0.106
-4.169  6.169 -21.809   0.080  0.112 -0.976   0.248  0.014  0.865   0.013 -0.042  0.108
-4.189  6.119 -21.533   0.080  0.108 -1.000   0.248  0.014  0.865   0.009 -0.047  0.117
-4.237  6.065 -21.311   0.064  0.112 -1.012   0.248  0.014  0.865  -0.011 -0.033  0.121
-4.272  6.038 -21.212   0.068  0.116 -1.012   0.251  0.032  0.857  -0.010 -0.028  0.122
-4.289  6.040 -21.071   0.084  0.120 -1.020   0.251  0.032  0.857   0.002 -0.028  0.147
-4.302  6.036 -20.905   0.088  0.116 -1.032   0.251  0.032  0.857  -0.002 -0.035  0.144
-4.332  6.027 -20.738   0.084  0.124 -1.028   0.261  0.029  0.882   0.001 -0.039  0.166
-4.355  6.027 -20.535   0.088  0.120 -1.024   0.261  0.029  0.882  -0.003 -0.035  0.181
-4.364  6.013 -20.318   0.084  0.116 -1.020   0.261  0.029  0.882   0.007 -0.035  0.193
-4.372  6.016 -20.124   0.092  0.124 -1.028   0.261  0.029  0.882   0.013 -0.038  0.198
-4.409  6.017 -19.940   0.092  0.128 -1.024   0.248  0.023  0.865  -0.002 -0.050  0.200
-4.446  6.003 -19.764   0.084  0.124 -1.012   0.248  0.023  0.865  -0.003 -0.049  0.203
-4.458  6.025 -19.542   0.104  0.120 -1.008   0.248  0.023  0.865   0.002 -0.046  0.197
-4.470  6.021 -19.325   0.084  0.116 -1.000   0.271  0.029  0.855   0.003 -0.030  0.203
-4.480  6.006 -19.091   0.080  0.112 -0.992   0.271  0.029  0.855   0.003 -0.030  0.208
-4.477  5.979 -18.853   0.072  0.104 -0.992   0.271  0.029  0.855   0.001 -0.018  0.199
-4.490  5.994 -18.635   0.072  0.112 -0.984   0.269  0.020  0.880  -0.005  0.008  0.208
-4.484  6.032 -18.456   0.072  0.116 -0.968   0.269  0.020  0.880   0.013  0.027  0.208
-4.444  6.073 -18.275   0.080  0.112 -0.956   0.269  0.020  0.880   0.037  0.025  0.191
-4.419  6.107 -18.135   0.076  0.116 -0.952   0.269  0.020  0.880   0.034  0.020  0.182
-4.423  6.130 -17.909   0.080  0.116 -0.948   0.266  0.003  0.863   0.023  0.009  0.165
-4.392  6.131 -17.616   0.076  0.100 -0.940   0.266  0.003  0.863   0.030  0.013  0.154
-4.353  6.131 -17.310   0.072  0.092 -0.944   0.266  0.003  0.863   0.023  0.027  0.140
-4.319  6.142 -17.172   0.072  0.096 -0.940   0.271  0.020  0.865   0.018  0.024  0.120
-4.309  6.153 -17.102   0.072  0.104 -0.940   0.271  0.020  0.865   0.014  0.014  0.105
-4.277  6.157 -17.013   0.068  0.096 -0.940   0.271  0.020  0.865   0.019  0.026  0.094
-4.238  6.195 -16.939   0.076  0.104 -0.944   0.269  0.014  0.878   0.034  0.041  0.090
-4.201  6.224 -16.875   0.064  0.100 -0.952   0.269  0.014  0.878   0.025  0.059  0.081
-4.160  6.252 -16.820   0.068  0.100 -0.956   0.269  0.014  0.878   0.030  0.055  0.070
-4.120  6.359 -16.758   0.096  0.112 -0.952   0.256  0.006  0.859   0.037  0.066  0.056
-4.094  6.420 -16.761   0.076  0.116 -0.968   0.256  0.006  0.859   0.039  0.066  0.048
-4.074  6.487 -16.754   0.080  0.112 -0.960   0.256  0.006  0.859   0.028  0.066  0.033
-4.022  6.525 -16.749   0.076  0.108 -0.972   0.256  0.006  0.859   0.052  0.064  0.017
-3.946  6.605 -16.834   0.088  0.104 -0.976   0.264  0.029  0.859   0.047  0.076  0.011
-3.873  6.691 -16.903   0.096  0.104 -0.996   0.264  0.029  0.859   0.042  0.074  0.002
-3.810  6.763 -17.004   0.088  0.108 -1.000   0.264  0.029  0.859   0.044  0.076  0.001
-3.759  6.822 -17.164   0.084  0.116 -1.000   0.248  0.023  0.876   0.050  0.068 -0.004
-3.720  6.892 -17.301   0.088  0.116 -1.012   0.248  0.023  0.876   0.036  0.072 -0.002
-3.677  6.946 -17.427   0.084  0.116 -1.020   0.248  0.023  0.876   0.041  0.071  0.007
-3.649  7.010 -17.622   0.084  0.124 -1.020   0.235  0.026  0.861   0.036  0.070  0.016
-3.595  7.058 -17.721   0.084  0.108 -1.016   0.235  0.026  0.861   0.039  0.074  0.022
-3.547  7.099 -17.815   0.084  0.108 -1.008   0.235  0.026  0.861   0.037  0.066  0.026
-3.509  7.141 -17.902   0.084  0.108 -1.008   0.235  0.026  0.861   0.030  0.068  0.028
-3.484  7.166 -18.073   0.072  0.112 -1.000   0.243  0.035  0.861   0.029  0.065  0.027
-3.436  7.191 -18.146   0.084  0.100 -0.992   0.243  0.035  0.861   0.031  0.057  0.032
-3.419  7.238 -18.233   0.092  0.108 -0.992   0.243  0.035  0.861   0.014  0.049  0.034
-3.405  7.274 -18.355   0.084  0.112 -0.992   0.225  0.026  0.878   0.020  0.053  0.037
-3.381  7.299 -18.448   0.084  0.108 -0.988   0.225  0.026  0.878   0.026  0.049  0.040
-3.357  7.336 -18.488   0.084  0.100 -0.980   0.225  0.026  0.878   0.012  0.063  0.045
-3.333  7.372 -18.511   0.088  0.100 -0.972   0.230  0.029  0.857   0.016  0.055  0.051
-3.331  7.416 -18.589   0.084  0.108 -0.960   0.230  0.029  0.857   0.009  0.058  0.051
-3.331  7.488 -18.714   0.092  0.120 -0.960   0.230  0.029  0.857   0.019  0.060  0.048
-3.337  7.536 -18.860   0.084  0.120 -0.968   0.230  0.029  0.857   0.018  0.058  0.040
-3.295  7.611 -18.973   0.104  0.108 -0.976   0.225  0.038  0.867   0.024  0.060  0.028
-3.278  7.671 -19.159   0.092  0.116 -0.968   0.225  0.038  0.867   0.020  0.059  0.024
-3.278  7.713 -19.341   0.088  0.116 -0.960   0.225  0.038  0.867   0.013  0.047  0.032
-3.274  7.726 -19.428   0.084  0.104 -0.964   0.207  0.023  0.876   0.007  0.044  0.023
-3.276  7.717 -19.546   0.076  0.104 -0.960   0.207  0.023  0.876   0.008  0.039  0.013
-3.292  7.710 -19.669   0.076  0.108 -0.960   0.207  0.023  0.876   0.002  0.033  0.026
-3.304  7.713 -19.791   0.080  0.112 -0.960   0.212  0.026  0.853   0.009  0.033  0.027
-3.320  7.692 -19.907   0.072  0.108 -0.964   0.212  0.026  0.853   0.005  0.030  0.024
-3.351  7.676 -20.052   0.076  0.116 -0.972   0.212  0.026  0.853   0.002  0.019  0.022
-3.385  7.671 -20.189   0.084  0.120 -0.976   0.212  0.026  0.853   0.002  0.010  0.022
-3.397  7.654 -20.399   0.080  0.108 -0.976   0.212  0.043  0.870  -0.006  0.009  0.012
-3.400  7.642 -20.604   0.084  0.112 -0.984   0.212  0.043  0.870   0.005  0.008  0.017
-3.406  7.641 -20.767   0.092  0.112 -0.992   0.212  0.043  0.870  -0.002  0.003  0.023
-3.426  7.622 -20.839   0.088  0.112 -1.004   0.199  0.023  0.878  -0.003  0.002  0.022
-3.445  7.595 -20.922   0.084  0.112 -1.008   0.199  0.023  0.878  -0.002  0.003  0.018
-3.446  7.577 -20.960   0.092  0.108 -1.004   0.199  0.023  0.878   0.007  0.002  0.018
-3.465  7.526 -21.080   0.076  0.112 -1.004   0.204  0.029  0.855   0.005 -0.007  0.013
-3.484  7.477 -21.161   0.080  0.108 -1.000   0.204  0.029  0.855  -0.000 -0.013  0.015
-3.509  7.440 -21.228   0.088  0.112 -1.004   0.204  0.029  0.855  -0.003 -0.022  0.023
-3.532  7.393 -21.261   0.088  0.108 -1.004   0.204  0.029  0.855  -0.004 -0.029  0.031
-3.548  7.344 -21.357   0.080  0.104 -1.000   0.212  0.040  0.868  -0.009 -0.020  0.028
-3.582  7.288 -21.487   0.080  0.112 -1.000   0.212  0.040  0.868  -0.009 -0.035  0.038
-3.603  7.233 -21.540   0.084  0.104 -1.004   0.212  0.040  0.868  -0.011 -0.035  0.049
-3.642  7.142 -21.503   0.072  0.100 -1.004   0.207  0.026  0.874  -0.016 -0.044  0.057
-3.710  7.095 -21.528   0.076  0.112 -0.988   0.207  0.026  0.874  -0.032 -0.038  0.062
-3.771  7.037 -21.547   0.076  0.112 -0.972   0.207  0.026  0.874  -0.021 -0.050  0.073
-3.819  7.012 -21.562   0.088  0.116 -0.976   0.209  0.032  0.853  -0.016 -0.046  0.084
-3.875  6.983 -21.584   0.080  0.116 -0.984   0.209  0.032  0.853  -0.026 -0.038  0.093
-3.916  6.936 -21.580   0.076  0.112 -0.980   0.209  0.032  0.853  -0.015 -0.041  0.108
-3.963  6.890 -21.623   0.072  0.116 -0.976   0.209  0.032  0.853  -0.015 -0.040  0.098
-4.002  6.843 -21.563   0.080  0.108 -0.976   0.230  0.035  0.870  -0.017 -0.047  0.098
-4.043  6.810 -21.474   0.088  0.108 -0.976   0.230  0.035  0.870  -0.022 -0.050  0.103
-4.074  6.758 -21.376   0.084  0.104 -0.972   0.230  0.035  0.870  -0.016 -0.056  0.105
-4.123  6.686 -21.210   0.072  0.104 -0.972   0.227  0.017  0.874  -0.020 -0.050  0.104
-4.163  6.645 -21.012   0.088  0.104 -0.972   0.227  0.017  0.874  -0.020 -0.053  0.105
-4.205  6.610 -20.860   0.088  0.112 -0.968   0.227  0.017  0.874  -0.011 -0.057  0.114
-4.235  6.565 -20.801   0.084  0.112 -0.964   0.225  0.029  0.855  -0.004 -0.063  0.112
-4.271  6.563 -20.770   0.092  0.120 -0.964   0.225  0.029  0.855  -0.009 -0.051  0.109
-4.280  6.541 -20.637   0.096  0.104 -0.980   0.225  0.029  0.855  -0.010 -0.053  0.111
-4.269  6.525 -20.468   0.100  0.100 -0.984   0.225  0.029  0.855  -0.003 -0.049  0.121
-4.267  6.523 -20.409   0.096  0.108 -0.992   0.238  0.040  0.876  -0.006 -0.040  0.115
-4.285  6.527 -20.399   0.092  0.116 -0.988   0.238  0.040  0.876  -0.011 -0.039  0.119
-4.306  6.519 -20.425   0.088  0.120 -0.992   0.238  0.040  0.876  -0.006 -0.044  0.114
-4.329  6.468 -20.262   0.080  0.108 -0.984   0.238  0.017  0.870  -0.003 -0.047  0.111
-4.362  6.457 -20.153   0.088  0.120 -0.988   0.238  0.017  0.870  -0.004 -0.039  0.110
-4.408  6.417 -20.097   0.076  0.124 -0.992   0.238  0.017  0.870  -0.003 -0.047  0.109
-4.446  6.386 -20.016   0.084  0.124 -1.008   0.248  0.023  0.852  -0.003 -0.050  0.109
-4.472  6.386 -19.896   0.096  0.120 -0.996   0.248  0.023  0.852  -0.005 -0.045  0.111
-4.492  6.365 -19.787   0.084  0.116 -0.996   0.248  0.023  0.852  -0.003 -0.036  0.110
-4.501  6.343 -19.681   0.084  0.116 -0.984   0.248  0.023  0.852   0.008 -0.038  0.117
-4.516  6.330 -19.585   0.088  0.120 -0.976   0.261  0.023  0.874   0.011 -0.042  0.109
-4.520  6.285 -19.474   0.076  0.112 -0.988   0.261  0.023  0.874   0.012 -0.038  0.109
-4.516  6.262 -19.360   0.084  0.112 -0.980   0.261  0.023  0.874   0.014 -0.035  0.104
-4.510  6.218 -19.189   0.072  0.108 -0.980   0.251  0.009  0.872   0.019 -0.022  0.100
-4.508  6.206 -19.039   0.080  0.112 -0.980   0.251  0.009  0.872   0.016 -0.014  0.093
-4.508  6.200 -18.881   0.080  0.112 -0.972   0.251  0.009  0.872   0.013 -0.012  0.109
-4.485  6.183 -18.791   0.076  0.104 -0.980   0.264  0.029  0.855   0.014 -0.011  0.100
-4.459  6.161 -18.717   0.068  0.104 -0.968   0.264  0.029  0.855   0.020 -0.002  0.110
-4.444  6.172 -18.671   0.076  0.112 -0.976   0.264  0.029  0.855   0.016  0.005  0.105
-4.433  6.217 -18.625   0.088  0.120 -0.968   0.264  0.029  0.855   0.019  0.004  0.122
-4.424  6.264 -18.572   0.088  0.120 -0.972   0.269  0.026  0.872   0.018  0.010  0.111
-4.419  6.278 -18.545   0.076  0.120 -0.972   0.269  0.026  0.872   0.023  0.005  0.114
-4.402  6.320 -18.503   0.088  0.120 -0.968   0.269  0.026  0.872   0.026  0.009  0.106
-4.383  6.353 -18.453   0.084  0.116 -0.976   0.258  0.023  0.865   0.022  0.015  0.104
-4.361  6.372 -18.432   0.076  0.116 -0.968   0.258  0.023  0.865   0.029  0.019  0.100
